Log file open, 10/20/21 13:00:01
LogWindows: Failed to load 'aqProf.dll' (GetLastError=126)
LogWindows: File 'aqProf.dll' does not exist
LogWindows: Failed to load 'VtuneApi.dll' (GetLastError=126)
LogWindows: File 'VtuneApi.dll' does not exist
LogWindows: Failed to load 'VtuneApi32e.dll' (GetLastError=126)
LogWindows: File 'VtuneApi32e.dll' does not exist
LogConsoleResponse: Display: Failed to find resolution value strings in scalability ini. Falling back to default.
LogConsoleResponse: Display: Failed to find resolution value strings in scalability ini. Falling back to default.
LogInit: Display: Running engine for game: UnrealShoot
LogPlatformFile: Not using cached read wrapper
LogTaskGraph: Started task graph with 5 named threads and 35 total threads with 3 sets of task threads.
LogStats: Stats thread started at 0.409400
LogICUInternationalization: ICU TimeZone Detection - Raw Offset: -6:00, Platform Override: ''
LogInit: Display: Loading text-based GConfig....
LogPluginManager: Mounting plugin MeshPainting
LogPluginManager: Mounting plugin XGEController
LogPluginManager: Mounting plugin Paper2D
LogPluginManager: Mounting plugin AISupport
LogPluginManager: Mounting plugin EnvironmentQueryEditor
LogPluginManager: Mounting plugin LiveLink
LogPluginManager: Mounting plugin LightPropagationVolume
LogPluginManager: Mounting plugin CameraShakePreviewer
LogPluginManager: Mounting plugin GameplayCameras
LogPluginManager: Mounting plugin AnimationSharing
LogPluginManager: Mounting plugin CodeLiteSourceCodeAccess
LogPluginManager: Mounting plugin CLionSourceCodeAccess
LogPluginManager: Mounting plugin KDevelopSourceCodeAccess
LogPluginManager: Mounting plugin GitSourceControl
LogPluginManager: Mounting plugin NullSourceCodeAccess
LogPluginManager: Mounting plugin PerforceSourceControl
LogPluginManager: Mounting plugin PropertyAccessNode
LogPluginManager: Mounting plugin PixWinPlugin
LogPluginManager: Mounting plugin SubversionSourceControl
LogPluginManager: Mounting plugin TextureFormatOodle
LogPluginManager: Mounting plugin PlasticSourceControl
LogPluginManager: Mounting plugin PluginUtils
LogPluginManager: Mounting plugin XCodeSourceCodeAccess
LogPluginManager: Mounting plugin VisualStudioCodeSourceCodeAccess
LogPluginManager: Mounting plugin UObjectPlugin
LogPluginManager: Mounting plugin OodleData
LogPluginManager: Mounting plugin RiderSourceCodeAccess
LogPluginManager: Mounting plugin VisualStudioSourceCodeAccess
LogPluginManager: Mounting plugin AlembicImporter
LogPluginManager: Mounting plugin ChaosCloth
LogPluginManager: Mounting plugin AssetManagerEditor
LogPluginManager: Mounting plugin ChaosClothEditor
LogPluginManager: Mounting plugin ChaosNiagara
LogPluginManager: Mounting plugin ChaosEditor
LogPluginManager: Mounting plugin ChaosSolverPlugin
LogPluginManager: Mounting plugin AutomationUtils
LogPluginManager: Mounting plugin BackChannel
LogPluginManager: Mounting plugin CurveEditorTools
LogPluginManager: Mounting plugin DataValidation
LogPluginManager: Mounting plugin CryptoKeys
LogPluginManager: Mounting plugin GameplayTagsEditor
LogPluginManager: Mounting plugin GeometryMode
LogPluginManager: Mounting plugin CharacterAI
LogPluginManager: Mounting plugin FacialAnimation
LogPluginManager: Mounting plugin MacGraphicsSwitching
LogPluginManager: Mounting plugin MaterialAnalyzer
LogPluginManager: Mounting plugin MobileLauncherProfileWizard
LogPluginManager: Mounting plugin PluginBrowser
LogPluginManager: Mounting plugin LuminPlatformFeatures
LogPluginManager: Mounting plugin SpeedTreeImporter
LogPluginManager: Mounting plugin OodleNetwork
LogPluginManager: Mounting plugin Niagara
LogPluginManager: Mounting plugin MagicLeap
LogPluginManager: Mounting plugin AndroidMedia
LogPluginManager: Mounting plugin MagicLeapMedia
LogPluginManager: Mounting plugin MagicLeapLightEstimation
LogPluginManager: Mounting plugin DatasmithContent
LogPluginManager: Mounting plugin MagicLeapPassableWorld
LogPluginManager: Mounting plugin GeometryCache
LogPluginManager: Mounting plugin MLSDK
LogPluginManager: Mounting plugin TcpMessaging
LogPluginManager: Mounting plugin GeometryCollectionPlugin
LogPluginManager: Mounting plugin GeometryProcessing
LogPluginManager: Mounting plugin UdpMessaging
LogPluginManager: Mounting plugin MotoSynth
LogPluginManager: Mounting plugin OpenImageDenoise
LogPluginManager: Mounting plugin PlatformCrypto
LogPluginManager: Mounting plugin PlanarCut
LogPluginManager: Mounting plugin ProxyLODPlugin
LogPluginManager: Mounting plugin PythonScriptPlugin
LogPluginManager: Mounting plugin VariantManagerContent
LogPluginManager: Mounting plugin ActorSequence
LogPluginManager: Mounting plugin SkeletalReduction
LogPluginManager: Mounting plugin AvfMedia
LogPluginManager: Mounting plugin LauncherChunkInstaller
LogPluginManager: Mounting plugin LevelSequenceEditor
LogPluginManager: Mounting plugin MatineeToLevelSequence
LogPluginManager: Mounting plugin OnlineSubsystem
LogPluginManager: Mounting plugin ImgMedia
LogPluginManager: Mounting plugin ActorLayerUtilities
LogPluginManager: Mounting plugin OnlineSubsystemNull
LogPluginManager: Mounting plugin OnlineSubsystemUtils
LogPluginManager: Mounting plugin AndroidDeviceProfileSelector
LogPluginManager: Mounting plugin AndroidMoviePlayer
LogPluginManager: Mounting plugin AndroidPermission
LogPluginManager: Mounting plugin AppleImageUtils
LogPluginManager: Mounting plugin MediaCompositing
LogPluginManager: Mounting plugin AppleMoviePlayer
LogPluginManager: Mounting plugin ArchVisCharacter
LogPluginManager: Mounting plugin AssetTags
LogPluginManager: Mounting plugin AudioSynesthesia
LogPluginManager: Mounting plugin AudioCapture
LogPluginManager: Mounting plugin ChunkDownloader
LogPluginManager: Mounting plugin CustomMeshComponent
LogPluginManager: Mounting plugin CableComponent
LogPluginManager: Mounting plugin EditableMesh
LogPluginManager: Mounting plugin ExampleDeviceProfileSelector
LogPluginManager: Mounting plugin GoogleCloudMessaging
LogPluginManager: Mounting plugin GooglePAD
LogPluginManager: Mounting plugin MediaPlayerEditor
LogPluginManager: Mounting plugin WebMMedia
LogPluginManager: Mounting plugin WmfMedia
LogPluginManager: Mounting plugin TemplateSequence
LogPluginManager: Mounting plugin ScreenshotTools
LogPluginManager: Mounting plugin LinuxDeviceProfileSelector
LogPluginManager: Mounting plugin IOSDeviceProfileSelector
LogPluginManager: Mounting plugin LocationServicesBPLibrary
LogPluginManager: Mounting plugin MobilePatchingUtils
LogPluginManager: Mounting plugin OpenXR
LogPluginManager: Mounting plugin OpenXREyeTracker
LogPluginManager: Mounting plugin OpenXRHandTracking
LogPluginManager: Mounting plugin PhysXVehicles
LogPluginManager: Mounting plugin Takes
LogPluginManager: Mounting plugin PostSplashScreen
LogPluginManager: Mounting plugin ProceduralMeshComponent
LogPluginManager: Mounting plugin RuntimePhysXCooking
LogPluginManager: Mounting plugin SignificanceManager
LogPluginManager: Mounting plugin SoundFields
LogPluginManager: Mounting plugin PropertyAccessEditor
LogPluginManager: Mounting plugin Synthesis
LogPluginManager: Mounting plugin WebMMoviePlayer
LogPluginManager: Mounting plugin WindowsMoviePlayer
LogPluginManager: Mounting plugin ContentBrowserClassDataSource
LogPluginManager: Mounting plugin ContentBrowserAssetDataSource
LogPluginManager: Mounting plugin ContentBrowserFileDataSource
LogPluginManager: Mounting plugin OnlineSubsystemGooglePlay
LogPluginManager: Mounting plugin OnlineSubsystemIOS
LogPluginManager: Mounting plugin OculusVR
LogPluginManager: Mounting plugin SteamVR
PixWinPlugin: PIX capture plugin failed to initialize! Check that the process is launched from PIX.
LogInit: Using libcurl 7.55.1-DEV
LogInit:  - built for x86_64-pc-win32
LogInit:  - supports SSL with OpenSSL/1.1.1
LogInit:  - supports HTTP deflate (compression) using libz 1.2.8
LogInit:  - other features:
LogInit:      CURL_VERSION_SSL
LogInit:      CURL_VERSION_LIBZ
LogInit:      CURL_VERSION_IPV6
LogInit:      CURL_VERSION_ASYNCHDNS
LogInit:      CURL_VERSION_LARGEFILE
LogInit:      CURL_VERSION_IDN
LogInit:  CurlRequestOptions (configurable via config and command line):
LogInit:  - bVerifyPeer = true  - Libcurl will verify peer certificate
LogInit:  - bUseHttpProxy = false  - Libcurl will NOT use HTTP proxy
LogInit:  - bDontReuseConnections = false  - Libcurl will reuse connections
LogInit:  - MaxHostConnections = 16  - Libcurl will limit the number of connections to a host
LogInit:  - LocalHostAddr = Default
LogInit:  - BufferSize = 65536
LogOnline: OSS: Creating online subsystem instance for: NULL
LogInit: WinSock: version 1.1 (2.2), MaxSocks=32767, MaxUdp=65467
LogOnline: OSS: TryLoadSubsystemAndSetDefault: Loaded subsystem for module [NULL]
LogOculusPluginWrapper: OculusPlugin initialized successfully
LogHMD: Failed initializing OVRPlugin 1.59.0
LogInit: Build: ++UE4+Release-4.27-CL-17735300
LogInit: Engine Version: 4.27.1-17735300+++UE4+Release-4.27
LogInit: Compatible Engine Version: 4.27.0-17155196+++UE4+Release-4.27
LogInit: Net CL: 17155196
LogInit: OS: Windows 10 (Release 2009) (), CPU: Intel(R) Core(TM) i7-8750H CPU @ 2.20GHz, GPU: Intel(R) UHD Graphics 630
LogInit: Compiled (64-bit): Oct  6 2021 14:42:51
LogInit: Compiled with Visual C++: 19.24.28315.00
LogInit: Build Configuration: Development
LogInit: Branch Name: ++UE4+Release-4.27
LogInit: Command Line:  -EpicPortal -epicusername=Peterrw9000 -epicuserid=c8968226ec89436190f0e8241aa3003e -epiclocale=en -epicsandboxid=ue
LogInit: Base Directory: D:/unrail/unreil/UE_4.27/Engine/Binaries/Win64/
LogInit: Allocator: TBB
LogInit: Installed Engine Build: 1
LogDevObjectVersion: Number of dev versions registered: 29
LogDevObjectVersion:   Dev-Blueprints (B0D832E4-1F89-4F0D-ACCF-7EB736FD4AA2): 10
LogDevObjectVersion:   Dev-Build (E1C64328-A22C-4D53-A36C-8E866417BD8C): 0
LogDevObjectVersion:   Dev-Core (375EC13C-06E4-48FB-B500-84F0262A717E): 4
LogDevObjectVersion:   Dev-Editor (E4B068ED-F494-42E9-A231-DA0B2E46BB41): 40
LogDevObjectVersion:   Dev-Framework (CFFC743F-43B0-4480-9391-14DF171D2073): 37
LogDevObjectVersion:   Dev-Mobile (B02B49B5-BB20-44E9-A304-32B752E40360): 3
LogDevObjectVersion:   Dev-Networking (A4E4105C-59A1-49B5-A7C5-40C4547EDFEE): 0
LogDevObjectVersion:   Dev-Online (39C831C9-5AE6-47DC-9A44-9C173E1C8E7C): 0
LogDevObjectVersion:   Dev-Physics (78F01B33-EBEA-4F98-B9B4-84EACCB95AA2): 14
LogDevObjectVersion:   Dev-Platform (6631380F-2D4D-43E0-8009-CF276956A95A): 0
LogDevObjectVersion:   Dev-Rendering (12F88B9F-8875-4AFC-A67C-D90C383ABD29): 45
LogDevObjectVersion:   Dev-Sequencer (7B5AE74C-D270-4C10-A958-57980B212A5A): 13
LogDevObjectVersion:   Dev-VR (D7296918-1DD6-4BDD-9DE2-64A83CC13884): 3
LogDevObjectVersion:   Dev-LoadTimes (C2A15278-BFE7-4AFE-6C17-90FF531DF755): 1
LogDevObjectVersion:   Private-Geometry (6EACA3D4-40EC-4CC1-B786-8BED09428FC5): 3
LogDevObjectVersion:   Dev-AnimPhys (29E575DD-E0A3-4627-9D10-D276232CDCEA): 17
LogDevObjectVersion:   Dev-Anim (AF43A65D-7FD3-4947-9873-3E8ED9C1BB05): 15
LogDevObjectVersion:   Dev-ReflectionCapture (6B266CEC-1EC7-4B8F-A30B-E4D90942FC07): 1
LogDevObjectVersion:   Dev-Automation (0DF73D61-A23F-47EA-B727-89E90C41499A): 1
LogDevObjectVersion:   FortniteMain (601D1886-AC64-4F84-AA16-D3DE0DEAC7D6): 47
LogDevObjectVersion:   FortniteRelease (E7086368-6B23-4C58-8439-1B7016265E91): 1
LogDevObjectVersion:   Dev-Enterprise (9DFFBCD6-494F-0158-E221-12823C92A888): 10
LogDevObjectVersion:   Dev-Niagara (F2AED0AC-9AFE-416F-8664-AA7FFA26D6FC): 1
LogDevObjectVersion:   Dev-Destruction (174F1F0B-B4C6-45A5-B13F-2EE8D0FB917D): 10
LogDevObjectVersion:   Dev-Physics-Ext (35F94A83-E258-406C-A318-09F59610247C): 41
LogDevObjectVersion:   Dev-PhysicsMaterial-Chaos (B68FC16E-8B1B-42E2-B453-215C058844FE): 1
LogDevObjectVersion:   Dev-CineCamera (B2E18506-4273-CFC2-A54E-F4BB758BBA07): 1
LogDevObjectVersion:   Dev-VirtualProduction (64F58936-FD1B-42BA-BA96-7289D5D0FA4E): 1
LogDevObjectVersion:   Dev-MediaFramework (6F0ED827-A609-4895-9C91-998D90180EA4): 2
LogInit: Presizing for max 25165824 objects, including 0 objects not considered by GC, pre-allocating 0 bytes for permanent pool.
LogConfig: Applying CVar settings from Section [/Script/Engine.StreamingSettings] File [D:/GitHub Files/Week7-8UnrealFPS/UnrealShoot/Saved/Config/Windows/Engine.ini]
LogConfig: Setting CVar [[s.MinBulkDataSizeForAsyncLoading:131072]]
LogConfig: Setting CVar [[s.AsyncLoadingThreadEnabled:0]]
LogConfig: Setting CVar [[s.EventDrivenLoaderEnabled:1]]
LogConfig: Setting CVar [[s.WarnIfTimeLimitExceeded:0]]
LogConfig: Setting CVar [[s.TimeLimitExceededMultiplier:1.5]]
LogConfig: Setting CVar [[s.TimeLimitExceededMinTime:0.005]]
LogConfig: Setting CVar [[s.UseBackgroundLevelStreaming:1]]
LogConfig: Setting CVar [[s.PriorityAsyncLoadingExtraTime:15.0]]
LogConfig: Setting CVar [[s.LevelStreamingActorsUpdateTimeLimit:5.0]]
LogConfig: Setting CVar [[s.PriorityLevelStreamingActorsUpdateExtraTime:5.0]]
LogConfig: Setting CVar [[s.LevelStreamingComponentsRegistrationGranularity:10]]
LogConfig: Setting CVar [[s.UnregisterComponentsTimeLimit:1.0]]
LogConfig: Setting CVar [[s.LevelStreamingComponentsUnregistrationGranularity:5]]
LogConfig: Setting CVar [[s.FlushStreamingOnExit:1]]
LogInit: Object subsystem initialized
LogConfig: Setting CVar [[con.DebugEarlyDefault:1]]
LogConfig: Setting CVar [[r.setres:1280x720]]
[2021.10.20-18.00.02:067][  0]LogConfig: Setting CVar [[r.VSync:0]]
[2021.10.20-18.00.02:067][  0]LogConfig: Setting CVar [[r.RHICmdBypass:0]]
[2021.10.20-18.00.02:067][  0]LogConfig: Applying CVar settings from Section [/Script/Engine.RendererSettings] File [D:/GitHub Files/Week7-8UnrealFPS/UnrealShoot/Saved/Config/Windows/Engine.ini]
[2021.10.20-18.00.02:067][  0]LogConfig: Setting CVar [[r.GPUCrashDebugging:0]]
[2021.10.20-18.00.02:067][  0]LogConfig: Applying CVar settings from Section [/Script/Engine.RendererOverrideSettings] File [D:/GitHub Files/Week7-8UnrealFPS/UnrealShoot/Saved/Config/Windows/Engine.ini]
[2021.10.20-18.00.02:067][  0]LogConfig: Applying CVar settings from Section [/Script/Engine.StreamingSettings] File [D:/GitHub Files/Week7-8UnrealFPS/UnrealShoot/Saved/Config/Windows/Engine.ini]
[2021.10.20-18.00.02:067][  0]LogConfig: Setting CVar [[s.MinBulkDataSizeForAsyncLoading:131072]]
[2021.10.20-18.00.02:067][  0]LogConfig: Setting CVar [[s.AsyncLoadingThreadEnabled:0]]
[2021.10.20-18.00.02:067][  0]LogConfig: Setting CVar [[s.EventDrivenLoaderEnabled:1]]
[2021.10.20-18.00.02:067][  0]LogConfig: Setting CVar [[s.WarnIfTimeLimitExceeded:0]]
[2021.10.20-18.00.02:067][  0]LogConfig: Setting CVar [[s.TimeLimitExceededMultiplier:1.5]]
[2021.10.20-18.00.02:067][  0]LogConfig: Setting CVar [[s.TimeLimitExceededMinTime:0.005]]
[2021.10.20-18.00.02:067][  0]LogConfig: Setting CVar [[s.UseBackgroundLevelStreaming:1]]
[2021.10.20-18.00.02:067][  0]LogConfig: Setting CVar [[s.PriorityAsyncLoadingExtraTime:15.0]]
[2021.10.20-18.00.02:067][  0]LogConfig: Setting CVar [[s.LevelStreamingActorsUpdateTimeLimit:5.0]]
[2021.10.20-18.00.02:067][  0]LogConfig: Setting CVar [[s.PriorityLevelStreamingActorsUpdateExtraTime:5.0]]
[2021.10.20-18.00.02:067][  0]LogConfig: Setting CVar [[s.LevelStreamingComponentsRegistrationGranularity:10]]
[2021.10.20-18.00.02:067][  0]LogConfig: Setting CVar [[s.UnregisterComponentsTimeLimit:1.0]]
[2021.10.20-18.00.02:067][  0]LogConfig: Setting CVar [[s.LevelStreamingComponentsUnregistrationGranularity:5]]
[2021.10.20-18.00.02:067][  0]LogConfig: Setting CVar [[s.FlushStreamingOnExit:1]]
[2021.10.20-18.00.02:067][  0]LogConfig: Applying CVar settings from Section [/Script/Engine.GarbageCollectionSettings] File [D:/GitHub Files/Week7-8UnrealFPS/UnrealShoot/Saved/Config/Windows/Engine.ini]
[2021.10.20-18.00.02:067][  0]LogConfig: Setting CVar [[gc.MaxObjectsNotConsideredByGC:1]]
[2021.10.20-18.00.02:067][  0]LogConfig: Setting CVar [[gc.SizeOfPermanentObjectPool:0]]
[2021.10.20-18.00.02:067][  0]LogConfig: Setting CVar [[gc.FlushStreamingOnGC:0]]
[2021.10.20-18.00.02:067][  0]LogConfig: Setting CVar [[gc.NumRetriesBeforeForcingGC:10]]
[2021.10.20-18.00.02:067][  0]LogConfig: Setting CVar [[gc.AllowParallelGC:1]]
[2021.10.20-18.00.02:067][  0]LogConfig: Setting CVar [[gc.TimeBetweenPurgingPendingKillObjects:61.1]]
[2021.10.20-18.00.02:067][  0]LogConfig: Setting CVar [[gc.MaxObjectsInEditor:25165824]]
[2021.10.20-18.00.02:067][  0]LogConfig: Setting CVar [[gc.IncrementalBeginDestroyEnabled:1]]
[2021.10.20-18.00.02:067][  0]LogConfig: Setting CVar [[gc.CreateGCClusters:1]]
[2021.10.20-18.00.02:067][  0]LogConfig: Setting CVar [[gc.MinGCClusterSize:5]]
[2021.10.20-18.00.02:067][  0]LogConfig: Setting CVar [[gc.ActorClusteringEnabled:0]]
[2021.10.20-18.00.02:067][  0]LogConfig: Setting CVar [[gc.BlueprintClusteringEnabled:0]]
[2021.10.20-18.00.02:067][  0]LogConfig: Setting CVar [[gc.UseDisregardForGCOnDedicatedServers:0]]
[2021.10.20-18.00.02:067][  0]LogConfig: Setting CVar [[gc.MultithreadedDestructionEnabled:1]]
[2021.10.20-18.00.02:067][  0]LogConfig: Applying CVar settings from Section [/Script/Engine.NetworkSettings] File [D:/GitHub Files/Week7-8UnrealFPS/UnrealShoot/Saved/Config/Windows/Engine.ini]
[2021.10.20-18.00.02:067][  0]LogConfig: Applying CVar settings from Section [/Script/UnrealEd.CookerSettings] File [D:/GitHub Files/Week7-8UnrealFPS/UnrealShoot/Saved/Config/Windows/Engine.ini]
[2021.10.20-18.00.02:081][  0]LogConfig: Applying CVar settings from Section [ViewDistanceQuality@3] File [D:/GitHub Files/Week7-8UnrealFPS/UnrealShoot/Saved/Config/Windows/Scalability.ini]
[2021.10.20-18.00.02:081][  0]LogConfig: Setting CVar [[r.SkeletalMeshLODBias:0]]
[2021.10.20-18.00.02:081][  0]LogConfig: Setting CVar [[r.ViewDistanceScale:1.0]]
[2021.10.20-18.00.02:081][  0]LogConfig: Applying CVar settings from Section [AntiAliasingQuality@3] File [D:/GitHub Files/Week7-8UnrealFPS/UnrealShoot/Saved/Config/Windows/Scalability.ini]
[2021.10.20-18.00.02:081][  0]LogConfig: Setting CVar [[r.PostProcessAAQuality:4]]
[2021.10.20-18.00.02:081][  0]LogConfig: Applying CVar settings from Section [ShadowQuality@3] File [D:/GitHub Files/Week7-8UnrealFPS/UnrealShoot/Saved/Config/Windows/Scalability.ini]
[2021.10.20-18.00.02:081][  0]LogConfig: Setting CVar [[r.LightFunctionQuality:1]]
[2021.10.20-18.00.02:081][  0]LogConfig: Setting CVar [[r.ShadowQuality:5]]
[2021.10.20-18.00.02:081][  0]LogConfig: Setting CVar [[r.Shadow.CSM.MaxCascades:10]]
[2021.10.20-18.00.02:081][  0]LogConfig: Setting CVar [[r.Shadow.MaxResolution:2048]]
[2021.10.20-18.00.02:082][  0]LogConfig: Setting CVar [[r.Shadow.MaxCSMResolution:2048]]
[2021.10.20-18.00.02:082][  0]LogConfig: Setting CVar [[r.Shadow.RadiusThreshold:0.01]]
[2021.10.20-18.00.02:082][  0]LogConfig: Setting CVar [[r.Shadow.DistanceScale:1.0]]
[2021.10.20-18.00.02:082][  0]LogConfig: Setting CVar [[r.Shadow.CSM.TransitionScale:1.0]]
[2021.10.20-18.00.02:082][  0]LogConfig: Setting CVar [[r.Shadow.PreShadowResolutionFactor:1.0]]
[2021.10.20-18.00.02:082][  0]LogConfig: Setting CVar [[r.DistanceFieldShadowing:1]]
[2021.10.20-18.00.02:082][  0]LogConfig: Setting CVar [[r.DistanceFieldAO:1]]
[2021.10.20-18.00.02:082][  0]LogConfig: Setting CVar [[r.AOQuality:2]]
[2021.10.20-18.00.02:082][  0]LogConfig: Setting CVar [[r.VolumetricFog:1]]
[2021.10.20-18.00.02:082][  0]LogConfig: Setting CVar [[r.VolumetricFog.GridPixelSize:8]]
[2021.10.20-18.00.02:082][  0]LogConfig: Setting CVar [[r.VolumetricFog.GridSizeZ:128]]
[2021.10.20-18.00.02:082][  0]LogConfig: Setting CVar [[r.VolumetricFog.HistoryMissSupersampleCount:4]]
[2021.10.20-18.00.02:082][  0]LogConfig: Setting CVar [[r.LightMaxDrawDistanceScale:1]]
[2021.10.20-18.00.02:082][  0]LogConfig: Setting CVar [[r.CapsuleShadows:1]]
[2021.10.20-18.00.02:082][  0]LogConfig: Applying CVar settings from Section [PostProcessQuality@3] File [D:/GitHub Files/Week7-8UnrealFPS/UnrealShoot/Saved/Config/Windows/Scalability.ini]
[2021.10.20-18.00.02:082][  0]LogConfig: Setting CVar [[r.MotionBlurQuality:4]]
[2021.10.20-18.00.02:082][  0]LogConfig: Setting CVar [[r.AmbientOcclusionMipLevelFactor:0.4]]
[2021.10.20-18.00.02:082][  0]LogConfig: Setting CVar [[r.AmbientOcclusionMaxQuality:100]]
[2021.10.20-18.00.02:082][  0]LogConfig: Setting CVar [[r.AmbientOcclusionLevels:-1]]
[2021.10.20-18.00.02:082][  0]LogConfig: Setting CVar [[r.AmbientOcclusionRadiusScale:1.0]]
[2021.10.20-18.00.02:082][  0]LogConfig: Setting CVar [[r.DepthOfFieldQuality:2]]
[2021.10.20-18.00.02:082][  0]LogConfig: Setting CVar [[r.RenderTargetPoolMin:400]]
[2021.10.20-18.00.02:082][  0]LogConfig: Setting CVar [[r.LensFlareQuality:2]]
[2021.10.20-18.00.02:082][  0]LogConfig: Setting CVar [[r.SceneColorFringeQuality:1]]
[2021.10.20-18.00.02:082][  0]LogConfig: Setting CVar [[r.EyeAdaptationQuality:2]]
[2021.10.20-18.00.02:082][  0]LogConfig: Setting CVar [[r.BloomQuality:5]]
[2021.10.20-18.00.02:082][  0]LogConfig: Setting CVar [[r.FastBlurThreshold:100]]
[2021.10.20-18.00.02:082][  0]LogConfig: Setting CVar [[r.Upscale.Quality:3]]
[2021.10.20-18.00.02:082][  0]LogConfig: Setting CVar [[r.Tonemapper.GrainQuantization:1]]
[2021.10.20-18.00.02:082][  0]LogConfig: Setting CVar [[r.LightShaftQuality:1]]
[2021.10.20-18.00.02:082][  0]LogConfig: Setting CVar [[r.Filter.SizeScale:1]]
[2021.10.20-18.00.02:082][  0]LogConfig: Setting CVar [[r.Tonemapper.Quality:5]]
[2021.10.20-18.00.02:082][  0]LogConfig: Setting CVar [[r.DOF.Gather.AccumulatorQuality:1        ; higher gathering accumulator quality]]
[2021.10.20-18.00.02:082][  0]LogConfig: Setting CVar [[r.DOF.Gather.PostfilterMethod:1          ; Median3x3 postfilering method]]
[2021.10.20-18.00.02:082][  0]LogConfig: Setting CVar [[r.DOF.Gather.EnableBokehSettings:0       ; no bokeh simulation when gathering]]
[2021.10.20-18.00.02:082][  0]LogConfig: Setting CVar [[r.DOF.Gather.RingCount:4                 ; medium number of samples when gathering]]
[2021.10.20-18.00.02:082][  0]LogConfig: Setting CVar [[r.DOF.Scatter.ForegroundCompositing:1    ; additive foreground scattering]]
[2021.10.20-18.00.02:082][  0]LogConfig: Setting CVar [[r.DOF.Scatter.BackgroundCompositing:2    ; additive background scattering]]
[2021.10.20-18.00.02:082][  0]LogConfig: Setting CVar [[r.DOF.Scatter.EnableBokehSettings:1      ; bokeh simulation when scattering]]
[2021.10.20-18.00.02:082][  0]LogConfig: Setting CVar [[r.DOF.Scatter.MaxSpriteRatio:0.1         ; only a maximum of 10% of scattered bokeh]]
[2021.10.20-18.00.02:082][  0]LogConfig: Setting CVar [[r.DOF.Recombine.Quality:1                ; cheap slight out of focus]]
[2021.10.20-18.00.02:082][  0]LogConfig: Setting CVar [[r.DOF.Recombine.EnableBokehSettings:0    ; no bokeh simulation on slight out of focus]]
[2021.10.20-18.00.02:082][  0]LogConfig: Setting CVar [[r.DOF.TemporalAAQuality:1                ; more stable temporal accumulation]]
[2021.10.20-18.00.02:082][  0]LogConfig: Setting CVar [[r.DOF.Kernel.MaxForegroundRadius:0.025]]
[2021.10.20-18.00.02:082][  0]LogConfig: Setting CVar [[r.DOF.Kernel.MaxBackgroundRadius:0.025]]
[2021.10.20-18.00.02:082][  0]LogConfig: Applying CVar settings from Section [TextureQuality@3] File [D:/GitHub Files/Week7-8UnrealFPS/UnrealShoot/Saved/Config/Windows/Scalability.ini]
[2021.10.20-18.00.02:082][  0]LogConfig: Setting CVar [[r.Streaming.MipBias:0]]
[2021.10.20-18.00.02:082][  0]LogConfig: Setting CVar [[r.Streaming.AmortizeCPUToGPUCopy:0]]
[2021.10.20-18.00.02:082][  0]LogConfig: Setting CVar [[r.Streaming.MaxNumTexturesToStreamPerFrame:0]]
[2021.10.20-18.00.02:082][  0]LogConfig: Setting CVar [[r.Streaming.Boost:1]]
[2021.10.20-18.00.02:082][  0]LogConfig: Setting CVar [[r.MaxAnisotropy:8]]
[2021.10.20-18.00.02:082][  0]LogConfig: Setting CVar [[r.VT.MaxAnisotropy:8]]
[2021.10.20-18.00.02:082][  0]LogConfig: Setting CVar [[r.Streaming.LimitPoolSizeToVRAM:0]]
[2021.10.20-18.00.02:082][  0]LogConfig: Setting CVar [[r.Streaming.PoolSize:1000]]
[2021.10.20-18.00.02:082][  0]LogConfig: Setting CVar [[r.Streaming.MaxEffectiveScreenSize:0]]
[2021.10.20-18.00.02:082][  0]LogConfig: Applying CVar settings from Section [EffectsQuality@3] File [D:/GitHub Files/Week7-8UnrealFPS/UnrealShoot/Saved/Config/Windows/Scalability.ini]
[2021.10.20-18.00.02:082][  0]LogConfig: Setting CVar [[r.TranslucencyLightingVolumeDim:64]]
[2021.10.20-18.00.02:082][  0]LogConfig: Setting CVar [[r.RefractionQuality:2]]
[2021.10.20-18.00.02:082][  0]LogConfig: Setting CVar [[r.SSR.Quality:3]]
[2021.10.20-18.00.02:082][  0]LogConfig: Setting CVar [[r.SSR.HalfResSceneColor:0]]
[2021.10.20-18.00.02:082][  0]LogConfig: Setting CVar [[r.SceneColorFormat:4]]
[2021.10.20-18.00.02:082][  0]LogConfig: Setting CVar [[r.DetailMode:2]]
[2021.10.20-18.00.02:083][  0]LogConfig: Setting CVar [[r.TranslucencyVolumeBlur:1]]
[2021.10.20-18.00.02:083][  0]LogConfig: Setting CVar [[r.MaterialQualityLevel:1 ; High quality]]
[2021.10.20-18.00.02:083][  0]LogConfig: Setting CVar [[r.AnisotropicMaterials:1]]
[2021.10.20-18.00.02:083][  0]LogConfig: Setting CVar [[r.SSS.Scale:1]]
[2021.10.20-18.00.02:083][  0]LogConfig: Setting CVar [[r.SSS.SampleSet:2]]
[2021.10.20-18.00.02:083][  0]LogConfig: Setting CVar [[r.SSS.Quality:1]]
[2021.10.20-18.00.02:083][  0]LogConfig: Setting CVar [[r.SSS.HalfRes:0]]
[2021.10.20-18.00.02:083][  0]LogConfig: Setting CVar [[r.SSGI.Quality:3]]
[2021.10.20-18.00.02:083][  0]LogConfig: Setting CVar [[r.EmitterSpawnRateScale:1.0]]
[2021.10.20-18.00.02:083][  0]LogConfig: Setting CVar [[r.ParticleLightQuality:2]]
[2021.10.20-18.00.02:083][  0]LogConfig: Setting CVar [[r.SkyAtmosphere.AerialPerspectiveLUT.FastApplyOnOpaque:1 ; Always have FastSkyLUT 1 in this case to avoid wrong sky]]
[2021.10.20-18.00.02:083][  0]LogConfig: Setting CVar [[r.SkyAtmosphere.AerialPerspectiveLUT.SampleCountMaxPerSlice:4]]
[2021.10.20-18.00.02:083][  0]LogConfig: Setting CVar [[r.SkyAtmosphere.AerialPerspectiveLUT.DepthResolution:16.0]]
[2021.10.20-18.00.02:083][  0]LogConfig: Setting CVar [[r.SkyAtmosphere.FastSkyLUT:1]]
[2021.10.20-18.00.02:083][  0]LogConfig: Setting CVar [[r.SkyAtmosphere.FastSkyLUT.SampleCountMin:4.0]]
[2021.10.20-18.00.02:083][  0]LogConfig: Setting CVar [[r.SkyAtmosphere.FastSkyLUT.SampleCountMax:128.0]]
[2021.10.20-18.00.02:083][  0]LogConfig: Setting CVar [[r.SkyAtmosphere.SampleCountMin:4.0]]
[2021.10.20-18.00.02:083][  0]LogConfig: Setting CVar [[r.SkyAtmosphere.SampleCountMax:128.0]]
[2021.10.20-18.00.02:083][  0]LogConfig: Setting CVar [[r.SkyAtmosphere.TransmittanceLUT.UseSmallFormat:0]]
[2021.10.20-18.00.02:083][  0]LogConfig: Setting CVar [[r.SkyAtmosphere.TransmittanceLUT.SampleCount:10.0]]
[2021.10.20-18.00.02:083][  0]LogConfig: Setting CVar [[r.SkyAtmosphere.MultiScatteringLUT.SampleCount:15.0]]
[2021.10.20-18.00.02:083][  0]LogConfig: Setting CVar [[r.SkyLight.RealTimeReflectionCapture:1]]
[2021.10.20-18.00.02:083][  0]LogConfig: Applying CVar settings from Section [FoliageQuality@3] File [D:/GitHub Files/Week7-8UnrealFPS/UnrealShoot/Saved/Config/Windows/Scalability.ini]
[2021.10.20-18.00.02:083][  0]LogConfig: Setting CVar [[foliage.DensityScale:1.0]]
[2021.10.20-18.00.02:083][  0]LogConfig: Setting CVar [[grass.DensityScale:1.0]]
[2021.10.20-18.00.02:083][  0]LogConfig: Applying CVar settings from Section [ShadingQuality@3] File [D:/GitHub Files/Week7-8UnrealFPS/UnrealShoot/Saved/Config/Windows/Scalability.ini]
[2021.10.20-18.00.02:083][  0]LogConfig: Setting CVar [[r.HairStrands.SkyLighting.IntegrationType:2]]
[2021.10.20-18.00.02:083][  0]LogConfig: Setting CVar [[r.HairStrands.SkyAO.SampleCount:4]]
[2021.10.20-18.00.02:083][  0]LogConfig: Setting CVar [[r.HairStrands.Visibility.MSAA.SamplePerPixel:4]]
[2021.10.20-18.00.02:083][  0]LogInit: Selected Device Profile: [Windows]
[2021.10.20-18.00.02:083][  0]LogInit: Applying CVar settings loaded from the selected device profile: [Windows]
[2021.10.20-18.00.02:083][  0]LogHAL: Display: Platform has ~ 8 GB [8374222848 / 8589934592 / 8], which maps to Default [LargestMinGB=32, LargerMinGB=12, DefaultMinGB=8, SmallerMinGB=6, SmallestMinGB=0)
[2021.10.20-18.00.02:084][  0]LogInit: Going up to parent DeviceProfile []
[2021.10.20-18.00.02:084][  0]LogConfig: Applying CVar settings from Section [ViewDistanceQuality@3] File [D:/GitHub Files/Week7-8UnrealFPS/UnrealShoot/Saved/Config/Windows/Scalability.ini]
[2021.10.20-18.00.02:084][  0]LogConfig: Setting CVar [[r.SkeletalMeshLODBias:0]]
[2021.10.20-18.00.02:084][  0]LogConfig: Setting CVar [[r.ViewDistanceScale:1.0]]
[2021.10.20-18.00.02:084][  0]LogConfig: Applying CVar settings from Section [AntiAliasingQuality@3] File [D:/GitHub Files/Week7-8UnrealFPS/UnrealShoot/Saved/Config/Windows/Scalability.ini]
[2021.10.20-18.00.02:084][  0]LogConfig: Setting CVar [[r.PostProcessAAQuality:4]]
[2021.10.20-18.00.02:084][  0]LogConfig: Applying CVar settings from Section [ShadowQuality@3] File [D:/GitHub Files/Week7-8UnrealFPS/UnrealShoot/Saved/Config/Windows/Scalability.ini]
[2021.10.20-18.00.02:084][  0]LogConfig: Setting CVar [[r.LightFunctionQuality:1]]
[2021.10.20-18.00.02:084][  0]LogConfig: Setting CVar [[r.ShadowQuality:5]]
[2021.10.20-18.00.02:084][  0]LogConfig: Setting CVar [[r.Shadow.CSM.MaxCascades:10]]
[2021.10.20-18.00.02:084][  0]LogConfig: Setting CVar [[r.Shadow.MaxResolution:2048]]
[2021.10.20-18.00.02:084][  0]LogConfig: Setting CVar [[r.Shadow.MaxCSMResolution:2048]]
[2021.10.20-18.00.02:084][  0]LogConfig: Setting CVar [[r.Shadow.RadiusThreshold:0.01]]
[2021.10.20-18.00.02:084][  0]LogConfig: Setting CVar [[r.Shadow.DistanceScale:1.0]]
[2021.10.20-18.00.02:084][  0]LogConfig: Setting CVar [[r.Shadow.CSM.TransitionScale:1.0]]
[2021.10.20-18.00.02:084][  0]LogConfig: Setting CVar [[r.Shadow.PreShadowResolutionFactor:1.0]]
[2021.10.20-18.00.02:084][  0]LogConfig: Setting CVar [[r.DistanceFieldShadowing:1]]
[2021.10.20-18.00.02:084][  0]LogConfig: Setting CVar [[r.DistanceFieldAO:1]]
[2021.10.20-18.00.02:084][  0]LogConfig: Setting CVar [[r.AOQuality:2]]
[2021.10.20-18.00.02:084][  0]LogConfig: Setting CVar [[r.VolumetricFog:1]]
[2021.10.20-18.00.02:084][  0]LogConfig: Setting CVar [[r.VolumetricFog.GridPixelSize:8]]
[2021.10.20-18.00.02:084][  0]LogConfig: Setting CVar [[r.VolumetricFog.GridSizeZ:128]]
[2021.10.20-18.00.02:084][  0]LogConfig: Setting CVar [[r.VolumetricFog.HistoryMissSupersampleCount:4]]
[2021.10.20-18.00.02:084][  0]LogConfig: Setting CVar [[r.LightMaxDrawDistanceScale:1]]
[2021.10.20-18.00.02:084][  0]LogConfig: Setting CVar [[r.CapsuleShadows:1]]
[2021.10.20-18.00.02:084][  0]LogConfig: Applying CVar settings from Section [PostProcessQuality@3] File [D:/GitHub Files/Week7-8UnrealFPS/UnrealShoot/Saved/Config/Windows/Scalability.ini]
[2021.10.20-18.00.02:084][  0]LogConfig: Setting CVar [[r.MotionBlurQuality:4]]
[2021.10.20-18.00.02:084][  0]LogConfig: Setting CVar [[r.AmbientOcclusionMipLevelFactor:0.4]]
[2021.10.20-18.00.02:084][  0]LogConfig: Setting CVar [[r.AmbientOcclusionMaxQuality:100]]
[2021.10.20-18.00.02:084][  0]LogConfig: Setting CVar [[r.AmbientOcclusionLevels:-1]]
[2021.10.20-18.00.02:084][  0]LogConfig: Setting CVar [[r.AmbientOcclusionRadiusScale:1.0]]
[2021.10.20-18.00.02:084][  0]LogConfig: Setting CVar [[r.DepthOfFieldQuality:2]]
[2021.10.20-18.00.02:084][  0]LogConfig: Setting CVar [[r.RenderTargetPoolMin:400]]
[2021.10.20-18.00.02:084][  0]LogConfig: Setting CVar [[r.LensFlareQuality:2]]
[2021.10.20-18.00.02:084][  0]LogConfig: Setting CVar [[r.SceneColorFringeQuality:1]]
[2021.10.20-18.00.02:084][  0]LogConfig: Setting CVar [[r.EyeAdaptationQuality:2]]
[2021.10.20-18.00.02:084][  0]LogConfig: Setting CVar [[r.BloomQuality:5]]
[2021.10.20-18.00.02:084][  0]LogConfig: Setting CVar [[r.FastBlurThreshold:100]]
[2021.10.20-18.00.02:084][  0]LogConfig: Setting CVar [[r.Upscale.Quality:3]]
[2021.10.20-18.00.02:084][  0]LogConfig: Setting CVar [[r.Tonemapper.GrainQuantization:1]]
[2021.10.20-18.00.02:084][  0]LogConfig: Setting CVar [[r.LightShaftQuality:1]]
[2021.10.20-18.00.02:084][  0]LogConfig: Setting CVar [[r.Filter.SizeScale:1]]
[2021.10.20-18.00.02:084][  0]LogConfig: Setting CVar [[r.Tonemapper.Quality:5]]
[2021.10.20-18.00.02:084][  0]LogConfig: Setting CVar [[r.DOF.Gather.AccumulatorQuality:1        ; higher gathering accumulator quality]]
[2021.10.20-18.00.02:084][  0]LogConfig: Setting CVar [[r.DOF.Gather.PostfilterMethod:1          ; Median3x3 postfilering method]]
[2021.10.20-18.00.02:084][  0]LogConfig: Setting CVar [[r.DOF.Gather.EnableBokehSettings:0       ; no bokeh simulation when gathering]]
[2021.10.20-18.00.02:084][  0]LogConfig: Setting CVar [[r.DOF.Gather.RingCount:4                 ; medium number of samples when gathering]]
[2021.10.20-18.00.02:084][  0]LogConfig: Setting CVar [[r.DOF.Scatter.ForegroundCompositing:1    ; additive foreground scattering]]
[2021.10.20-18.00.02:084][  0]LogConfig: Setting CVar [[r.DOF.Scatter.BackgroundCompositing:2    ; additive background scattering]]
[2021.10.20-18.00.02:084][  0]LogConfig: Setting CVar [[r.DOF.Scatter.EnableBokehSettings:1      ; bokeh simulation when scattering]]
[2021.10.20-18.00.02:084][  0]LogConfig: Setting CVar [[r.DOF.Scatter.MaxSpriteRatio:0.1         ; only a maximum of 10% of scattered bokeh]]
[2021.10.20-18.00.02:084][  0]LogConfig: Setting CVar [[r.DOF.Recombine.Quality:1                ; cheap slight out of focus]]
[2021.10.20-18.00.02:084][  0]LogConfig: Setting CVar [[r.DOF.Recombine.EnableBokehSettings:0    ; no bokeh simulation on slight out of focus]]
[2021.10.20-18.00.02:084][  0]LogConfig: Setting CVar [[r.DOF.TemporalAAQuality:1                ; more stable temporal accumulation]]
[2021.10.20-18.00.02:084][  0]LogConfig: Setting CVar [[r.DOF.Kernel.MaxForegroundRadius:0.025]]
[2021.10.20-18.00.02:084][  0]LogConfig: Setting CVar [[r.DOF.Kernel.MaxBackgroundRadius:0.025]]
[2021.10.20-18.00.02:084][  0]LogConfig: Applying CVar settings from Section [TextureQuality@3] File [D:/GitHub Files/Week7-8UnrealFPS/UnrealShoot/Saved/Config/Windows/Scalability.ini]
[2021.10.20-18.00.02:084][  0]LogConfig: Setting CVar [[r.Streaming.MipBias:0]]
[2021.10.20-18.00.02:084][  0]LogConfig: Setting CVar [[r.Streaming.AmortizeCPUToGPUCopy:0]]
[2021.10.20-18.00.02:084][  0]LogConfig: Setting CVar [[r.Streaming.MaxNumTexturesToStreamPerFrame:0]]
[2021.10.20-18.00.02:084][  0]LogConfig: Setting CVar [[r.Streaming.Boost:1]]
[2021.10.20-18.00.02:084][  0]LogConfig: Setting CVar [[r.MaxAnisotropy:8]]
[2021.10.20-18.00.02:084][  0]LogConfig: Setting CVar [[r.VT.MaxAnisotropy:8]]
[2021.10.20-18.00.02:084][  0]LogConfig: Setting CVar [[r.Streaming.LimitPoolSizeToVRAM:0]]
[2021.10.20-18.00.02:084][  0]LogConfig: Setting CVar [[r.Streaming.PoolSize:1000]]
[2021.10.20-18.00.02:085][  0]LogConfig: Setting CVar [[r.Streaming.MaxEffectiveScreenSize:0]]
[2021.10.20-18.00.02:085][  0]LogConfig: Applying CVar settings from Section [EffectsQuality@3] File [D:/GitHub Files/Week7-8UnrealFPS/UnrealShoot/Saved/Config/Windows/Scalability.ini]
[2021.10.20-18.00.02:085][  0]LogConfig: Setting CVar [[r.TranslucencyLightingVolumeDim:64]]
[2021.10.20-18.00.02:085][  0]LogConfig: Setting CVar [[r.RefractionQuality:2]]
[2021.10.20-18.00.02:085][  0]LogConfig: Setting CVar [[r.SSR.Quality:3]]
[2021.10.20-18.00.02:085][  0]LogConfig: Setting CVar [[r.SSR.HalfResSceneColor:0]]
[2021.10.20-18.00.02:085][  0]LogConfig: Setting CVar [[r.SceneColorFormat:4]]
[2021.10.20-18.00.02:085][  0]LogConfig: Setting CVar [[r.DetailMode:2]]
[2021.10.20-18.00.02:085][  0]LogConfig: Setting CVar [[r.TranslucencyVolumeBlur:1]]
[2021.10.20-18.00.02:085][  0]LogConfig: Setting CVar [[r.MaterialQualityLevel:1 ; High quality]]
[2021.10.20-18.00.02:085][  0]LogConfig: Setting CVar [[r.AnisotropicMaterials:1]]
[2021.10.20-18.00.02:085][  0]LogConfig: Setting CVar [[r.SSS.Scale:1]]
[2021.10.20-18.00.02:085][  0]LogConfig: Setting CVar [[r.SSS.SampleSet:2]]
[2021.10.20-18.00.02:085][  0]LogConfig: Setting CVar [[r.SSS.Quality:1]]
[2021.10.20-18.00.02:085][  0]LogConfig: Setting CVar [[r.SSS.HalfRes:0]]
[2021.10.20-18.00.02:085][  0]LogConfig: Setting CVar [[r.SSGI.Quality:3]]
[2021.10.20-18.00.02:085][  0]LogConfig: Setting CVar [[r.EmitterSpawnRateScale:1.0]]
[2021.10.20-18.00.02:085][  0]LogConfig: Setting CVar [[r.ParticleLightQuality:2]]
[2021.10.20-18.00.02:085][  0]LogConfig: Setting CVar [[r.SkyAtmosphere.AerialPerspectiveLUT.FastApplyOnOpaque:1 ; Always have FastSkyLUT 1 in this case to avoid wrong sky]]
[2021.10.20-18.00.02:085][  0]LogConfig: Setting CVar [[r.SkyAtmosphere.AerialPerspectiveLUT.SampleCountMaxPerSlice:4]]
[2021.10.20-18.00.02:085][  0]LogConfig: Setting CVar [[r.SkyAtmosphere.AerialPerspectiveLUT.DepthResolution:16.0]]
[2021.10.20-18.00.02:085][  0]LogConfig: Setting CVar [[r.SkyAtmosphere.FastSkyLUT:1]]
[2021.10.20-18.00.02:085][  0]LogConfig: Setting CVar [[r.SkyAtmosphere.FastSkyLUT.SampleCountMin:4.0]]
[2021.10.20-18.00.02:085][  0]LogConfig: Setting CVar [[r.SkyAtmosphere.FastSkyLUT.SampleCountMax:128.0]]
[2021.10.20-18.00.02:085][  0]LogConfig: Setting CVar [[r.SkyAtmosphere.SampleCountMin:4.0]]
[2021.10.20-18.00.02:085][  0]LogConfig: Setting CVar [[r.SkyAtmosphere.SampleCountMax:128.0]]
[2021.10.20-18.00.02:085][  0]LogConfig: Setting CVar [[r.SkyAtmosphere.TransmittanceLUT.UseSmallFormat:0]]
[2021.10.20-18.00.02:085][  0]LogConfig: Setting CVar [[r.SkyAtmosphere.TransmittanceLUT.SampleCount:10.0]]
[2021.10.20-18.00.02:085][  0]LogConfig: Setting CVar [[r.SkyAtmosphere.MultiScatteringLUT.SampleCount:15.0]]
[2021.10.20-18.00.02:085][  0]LogConfig: Setting CVar [[r.SkyLight.RealTimeReflectionCapture:1]]
[2021.10.20-18.00.02:085][  0]LogConfig: Applying CVar settings from Section [FoliageQuality@3] File [D:/GitHub Files/Week7-8UnrealFPS/UnrealShoot/Saved/Config/Windows/Scalability.ini]
[2021.10.20-18.00.02:085][  0]LogConfig: Setting CVar [[foliage.DensityScale:1.0]]
[2021.10.20-18.00.02:085][  0]LogConfig: Setting CVar [[grass.DensityScale:1.0]]
[2021.10.20-18.00.02:085][  0]LogConfig: Applying CVar settings from Section [ShadingQuality@3] File [D:/GitHub Files/Week7-8UnrealFPS/UnrealShoot/Saved/Config/Windows/Scalability.ini]
[2021.10.20-18.00.02:085][  0]LogConfig: Setting CVar [[r.HairStrands.SkyLighting.IntegrationType:2]]
[2021.10.20-18.00.02:085][  0]LogConfig: Setting CVar [[r.HairStrands.SkyAO.SampleCount:4]]
[2021.10.20-18.00.02:085][  0]LogConfig: Setting CVar [[r.HairStrands.Visibility.MSAA.SamplePerPixel:4]]
[2021.10.20-18.00.02:085][  0]LogConfig: Applying CVar settings from Section [Startup] File [../../../Engine/Config/ConsoleVariables.ini]
[2021.10.20-18.00.02:085][  0]LogConfig: Setting CVar [[net.UseAdaptiveNetUpdateFrequency:0]]
[2021.10.20-18.00.02:085][  0]LogConfig: Setting CVar [[p.chaos.AllowCreatePhysxBodies:1]]
[2021.10.20-18.00.02:085][  0]LogConfig: Setting CVar [[fx.SkipVectorVMBackendOptimizations:1]]
[2021.10.20-18.00.02:085][  0]LogConfig: Applying CVar settings from Section [ConsoleVariables] File [D:/GitHub Files/Week7-8UnrealFPS/UnrealShoot/Saved/Config/Windows/Engine.ini]
[2021.10.20-18.00.02:085][  0]LogConfig: Applying CVar settings from Section [ConsoleVariables] File [D:/GitHub Files/Week7-8UnrealFPS/UnrealShoot/Saved/Config/Windows/Editor.ini]
[2021.10.20-18.00.02:086][  0]LogInit: Computer: DESKTOP-UV88B1H
[2021.10.20-18.00.02:086][  0]LogInit: User: peter
[2021.10.20-18.00.02:086][  0]LogInit: CPU Page size=4096, Cores=6
[2021.10.20-18.00.02:086][  0]LogInit: High frequency timer resolution =10.000000 MHz
[2021.10.20-18.00.02:086][  0]LogMemory: Memory total: Physical=7.8GB (8GB approx)
[2021.10.20-18.00.02:086][  0]LogMemory: Platform Memory Stats for Windows
[2021.10.20-18.00.02:086][  0]LogMemory: Process Physical Memory: 148.29 MB used, 148.29 MB peak
[2021.10.20-18.00.02:086][  0]LogMemory: Process Virtual Memory: 131.87 MB used, 131.87 MB peak
[2021.10.20-18.00.02:086][  0]LogMemory: Physical Memory: 6510.85 MB used,  1475.43 MB free, 7986.28 MB total
[2021.10.20-18.00.02:086][  0]LogMemory: Virtual Memory: 134211664.00 MB used,  6060.14 MB free, 134217728.00 MB total
[2021.10.20-18.00.02:092][  0]LogWindows: WindowsPlatformFeatures enabled
[2021.10.20-18.00.02:154][  0]LogInit: Physics initialised using underlying interface: PhysX
[2021.10.20-18.00.02:155][  0]LogInit: Using OS detected language (en-US).
[2021.10.20-18.00.02:155][  0]LogInit: Using OS detected locale (en-US).
[2021.10.20-18.00.02:157][  0]LogTextLocalizationManager: No specific localization for 'en-US' exists, so the 'en' localization will be used.
[2021.10.20-18.00.02:396][  0]LogInit: Setting process to per monitor DPI aware
[2021.10.20-18.00.02:453][  0]LogWindowsTextInputMethodSystem: Display: IME system deactivated.
[2021.10.20-18.00.02:493][  0]LogSlate: New Slate User Created.  User Index 0, Is Virtual User: 0
[2021.10.20-18.00.02:493][  0]LogSlate: Slate User Registered.  User Index 0, Is Virtual User: 0
[2021.10.20-18.00.02:706][  0]LogD3D11RHI: Loaded GFSDK_Aftermath_Lib.x64.dll
[2021.10.20-18.00.02:789][  0]LogHMD: Failed to initialize OpenVR with code 110
[2021.10.20-18.00.02:789][  0]LogD3D11RHI: D3D11 min allowed feature level: 11_0
[2021.10.20-18.00.02:789][  0]LogD3D11RHI: D3D11 max allowed feature level: 11_0
[2021.10.20-18.00.02:789][  0]LogD3D11RHI: D3D11 adapters:
[2021.10.20-18.00.03:231][  0]LogD3D11RHI:    0. 'NVIDIA GeForce GTX 1050 Ti' (Feature Level 11_0)
[2021.10.20-18.00.03:231][  0]LogD3D11RHI:       4018/0/3993 MB DedicatedVideo/DedicatedSystem/SharedSystem, Outputs:1, VendorId:0x10de
[2021.10.20-18.00.03:287][  0]LogD3D11RHI:    1. 'Intel(R) UHD Graphics 630' (Feature Level 11_0)
[2021.10.20-18.00.03:287][  0]LogD3D11RHI:       128/0/3993 MB DedicatedVideo/DedicatedSystem/SharedSystem, Outputs:0, VendorId:0x8086
[2021.10.20-18.00.03:292][  0]LogD3D11RHI:    2. 'Microsoft Basic Render Driver' (Feature Level 11_0)
[2021.10.20-18.00.03:292][  0]LogD3D11RHI:       0/0/3993 MB DedicatedVideo/DedicatedSystem/SharedSystem, Outputs:0, VendorId:0x1414
[2021.10.20-18.00.03:292][  0]LogD3D11RHI: Chosen D3D11 Adapter:
[2021.10.20-18.00.03:292][  0]LogD3D11RHI:     Description : NVIDIA GeForce GTX 1050 Ti
[2021.10.20-18.00.03:292][  0]LogD3D11RHI:     VendorId    : 10de
[2021.10.20-18.00.03:292][  0]LogD3D11RHI:     DeviceId    : 1c8c
[2021.10.20-18.00.03:292][  0]LogD3D11RHI:     SubSysId    : 8241028
[2021.10.20-18.00.03:292][  0]LogD3D11RHI:     Revision    : 00a1
[2021.10.20-18.00.03:292][  0]LogD3D11RHI:     DedicatedVideoMemory : 4213178368 bytes
[2021.10.20-18.00.03:292][  0]LogD3D11RHI:     DedicatedSystemMemory : 0 bytes
[2021.10.20-18.00.03:292][  0]LogD3D11RHI:     SharedSystemMemory : 4187111424 bytes
[2021.10.20-18.00.03:292][  0]LogD3D11RHI:     AdapterLuid : 0 63918
[2021.10.20-18.00.03:301][  0]LogD3D11RHI: Creating new Direct3DDevice
[2021.10.20-18.00.03:301][  0]LogD3D11RHI:     GPU DeviceId: 0x1c8c (for the marketing name, search the web for "GPU Device Id")
[2021.10.20-18.00.03:301][  0]LogWindows: EnumDisplayDevices:
[2021.10.20-18.00.03:302][  0]LogWindows:    0. 'Intel(R) UHD Graphics 630' (P:1 D:1)
[2021.10.20-18.00.03:302][  0]LogWindows:    1. 'Intel(R) UHD Graphics 630' (P:0 D:0)
[2021.10.20-18.00.03:303][  0]LogWindows:    2. 'Intel(R) UHD Graphics 630' (P:0 D:0)
[2021.10.20-18.00.03:303][  0]LogWindows:    3. 'NVIDIA GeForce GTX 1050 Ti' (P:0 D:0)
[2021.10.20-18.00.03:304][  0]LogWindows: DebugString: PrimaryIsNotTheChoosenAdapter PrimaryIsNotTheChoosenAdapter PrimaryIsNotTheChoosenAdapter 
[2021.10.20-18.00.03:304][  0]LogD3D11RHI:     Adapter Name: NVIDIA GeForce GTX 1050 Ti
[2021.10.20-18.00.03:304][  0]LogD3D11RHI:   Driver Version: 462.31 (internal:27.21.14.6231, unified:462.31)
[2021.10.20-18.00.03:304][  0]LogD3D11RHI:      Driver Date: 4-8-2021
[2021.10.20-18.00.03:304][  0]LogRHI: Texture pool is 2812 MB (70% of 4018 MB)
[2021.10.20-18.00.03:304][  0]LogD3D11RHI: Creating D3DDevice using adapter:
[2021.10.20-18.00.03:304][  0]LogD3D11RHI:     Description : NVIDIA GeForce GTX 1050 Ti
[2021.10.20-18.00.03:304][  0]LogD3D11RHI:     VendorId    : 10de
[2021.10.20-18.00.03:304][  0]LogD3D11RHI:     DeviceId    : 1c8c
[2021.10.20-18.00.03:304][  0]LogD3D11RHI:     SubSysId    : 8241028
[2021.10.20-18.00.03:304][  0]LogD3D11RHI:     Revision    : 00a1
[2021.10.20-18.00.03:304][  0]LogD3D11RHI:     DedicatedVideoMemory : 4213178368 bytes
[2021.10.20-18.00.03:304][  0]LogD3D11RHI:     DedicatedSystemMemory : 0 bytes
[2021.10.20-18.00.03:304][  0]LogD3D11RHI:     SharedSystemMemory : 4187111424 bytes
[2021.10.20-18.00.03:304][  0]LogD3D11RHI:     AdapterLuid : 0 63918
[2021.10.20-18.00.03:477][  0]LogD3D11RHI: RHI has support for 64 bit atomics
[2021.10.20-18.00.03:478][  0]LogD3D11RHI: Async texture creation enabled
[2021.10.20-18.00.03:478][  0]LogD3D11RHI: Array index from any shader is supported
[2021.10.20-18.00.03:507][  0]LogD3D11RHI: GPU Timing Frequency: 1000.000000 (Debug: 2 1)
[2021.10.20-18.00.03:576][  0]LogRHI: GeForceNow SDK initialized: 1
[2021.10.20-18.00.04:231][  0]LogTargetPlatformManager: Display: Loaded TargetPlatform 'AllDesktop'
[2021.10.20-18.00.04:275][  0]LogTargetPlatformManager: Display: Loaded TargetPlatform 'Android'
[2021.10.20-18.00.04:275][  0]LogTargetPlatformManager: Display: Loaded TargetPlatform 'Android_ASTC'
[2021.10.20-18.00.04:275][  0]LogTargetPlatformManager: Display: Loaded TargetPlatform 'Android_DXT'
[2021.10.20-18.00.04:275][  0]LogTargetPlatformManager: Display: Loaded TargetPlatform 'Android_ETC2'
[2021.10.20-18.00.04:275][  0]LogTargetPlatformManager: Display: Loaded TargetPlatform 'AndroidClient'
[2021.10.20-18.00.04:275][  0]LogTargetPlatformManager: Display: Loaded TargetPlatform 'Android_ASTCClient'
[2021.10.20-18.00.04:275][  0]LogTargetPlatformManager: Display: Loaded TargetPlatform 'Android_DXTClient'
[2021.10.20-18.00.04:275][  0]LogTargetPlatformManager: Display: Loaded TargetPlatform 'Android_ETC2Client'
[2021.10.20-18.00.04:275][  0]LogTargetPlatformManager: Display: Loaded TargetPlatform 'Android_Multi'
[2021.10.20-18.00.04:275][  0]LogTargetPlatformManager: Display: Loaded TargetPlatform 'Android_MultiClient'
[2021.10.20-18.00.04:300][  0]LogTargetPlatformManager: Display: Loaded TargetPlatform 'IOSClient'
[2021.10.20-18.00.04:300][  0]LogTargetPlatformManager: Display: Loaded TargetPlatform 'IOS'
[2021.10.20-18.00.04:319][  0]LogTargetPlatformManager: Display: Loaded TargetPlatform 'Linux'
[2021.10.20-18.00.04:325][  0]LogTargetPlatformManager: Display: Loaded TargetPlatform 'LinuxNoEditor'
[2021.10.20-18.00.04:330][  0]LogTargetPlatformManager: Display: Loaded TargetPlatform 'LinuxClient'
[2021.10.20-18.00.04:338][  0]LogTargetPlatformManager: Display: Loaded TargetPlatform 'LinuxServer'
[2021.10.20-18.00.04:351][  0]LogTargetPlatformManager: Display: Loaded TargetPlatform 'LinuxAArch64NoEditor'
[2021.10.20-18.00.04:359][  0]LogTargetPlatformManager: Display: Loaded TargetPlatform 'LinuxAArch64Client'
[2021.10.20-18.00.04:365][  0]LogTargetPlatformManager: Display: Loaded TargetPlatform 'LinuxAArch64Server'
[2021.10.20-18.00.04:400][  0]LogTargetPlatformManager: Display: Loaded TargetPlatform 'Lumin'
[2021.10.20-18.00.04:400][  0]LogTargetPlatformManager: Display: Loaded TargetPlatform 'LuminClient'
[2021.10.20-18.00.04:418][  0]LogTargetPlatformManager: Display: Loaded TargetPlatform 'MacNoEditor'
[2021.10.20-18.00.04:430][  0]LogTargetPlatformManager: Display: Loaded TargetPlatform 'Mac'
[2021.10.20-18.00.04:440][  0]LogTargetPlatformManager: Display: Loaded TargetPlatform 'MacClient'
[2021.10.20-18.00.04:450][  0]LogTargetPlatformManager: Display: Loaded TargetPlatform 'MacServer'
[2021.10.20-18.00.04:482][  0]LogTargetPlatformManager: Display: Loaded TargetPlatform 'TVOSClient'
[2021.10.20-18.00.04:482][  0]LogTargetPlatformManager: Display: Loaded TargetPlatform 'TVOS'
[2021.10.20-18.00.04:512][  0]LogTargetPlatformManager: Display: Loaded TargetPlatform 'WindowsNoEditor'
[2021.10.20-18.00.04:526][  0]LogTargetPlatformManager: Display: Loaded TargetPlatform 'Windows'
[2021.10.20-18.00.04:538][  0]LogTargetPlatformManager: Display: Loaded TargetPlatform 'WindowsClient'
[2021.10.20-18.00.04:551][  0]LogTargetPlatformManager: Display: Loaded TargetPlatform 'WindowsServer'
[2021.10.20-18.00.04:551][  0]LogTargetPlatformManager: Display: Building Assets For Windows
[2021.10.20-18.00.04:569][  0]LogAudioDebug: Display: Lib vorbis DLL was dynamically loaded.
[2021.10.20-18.00.04:655][  0]LogTextureFormatOodle: Display: Oodle Texture 2.9.0 init RDO Off
[2021.10.20-18.00.04:733][  0]LogRendererCore: Ray tracing is disabled. Reason: r.RayTracing=0.
[2021.10.20-18.00.04:733][  0]LogShaderCompilers: Guid format shader working directory is -14 characters bigger than the processId version (../../../../../../GitHub Files/Week7-8UnrealFPS/UnrealShoot/Intermediate/Shaders/WorkingDirectory/18640/).
[2021.10.20-18.00.04:734][  0]LogShaderCompilers: Cleaned the shader compiler working directory 'C:/Users/peter/AppData/Local/Temp/UnrealShaderWorkingDir/99CEFFF742860C262DD81F9AB1873CE3/'.
[2021.10.20-18.00.04:734][  0]LogXGEController: Cannot use XGE Controller as Incredibuild is not installed on this machine.
[2021.10.20-18.00.04:734][  0]LogShaderCompilers: Cannot use XGE Shader Compiler as Incredibuild is not installed on this machine.
[2021.10.20-18.00.04:735][  0]LogShaderCompilers: Display: Using Local Shader Compiler.
[2021.10.20-18.00.06:372][  0]LogDerivedDataCache: Display: Max Cache Size: 512 MB
[2021.10.20-18.00.06:486][  0]LogDerivedDataCache: Loaded boot cache 0.11s 94MB C:/Users/peter/AppData/Local/UnrealEngine/4.27/DerivedDataCache/Boot.ddc.
[2021.10.20-18.00.06:487][  0]LogDerivedDataCache: Display: Loaded Boot cache: C:/Users/peter/AppData/Local/UnrealEngine/4.27/DerivedDataCache/Boot.ddc
[2021.10.20-18.00.06:487][  0]LogDerivedDataCache: FDerivedDataBackendGraph:  Pak pak cache file ../../../../../../GitHub Files/Week7-8UnrealFPS/UnrealShoot/DerivedDataCache/DDC.ddp not found, will not use a pak cache.
[2021.10.20-18.00.06:487][  0]LogDerivedDataCache: Unable to find inner node Pak for hierarchical cache Hierarchy.
[2021.10.20-18.00.06:487][  0]LogDerivedDataCache: FDerivedDataBackendGraph:  CompressedPak pak cache file ../../../../../../GitHub Files/Week7-8UnrealFPS/UnrealShoot/DerivedDataCache/Compressed.ddp not found, will not use a pak cache.
[2021.10.20-18.00.06:487][  0]LogDerivedDataCache: Unable to find inner node CompressedPak for hierarchical cache Hierarchy.
[2021.10.20-18.00.06:535][  0]LogDerivedDataCache: Display: Pak cache opened for reading ../../../Engine/DerivedDataCache/Compressed.ddp.
[2021.10.20-18.00.06:536][  0]LogDerivedDataCache: FDerivedDataBackendGraph:  EnterprisePak pak cache file ../../../Enterprise/DerivedDataCache/Compressed.ddp not found, will not use a pak cache.
[2021.10.20-18.00.06:536][  0]LogDerivedDataCache: Unable to find inner node EnterprisePak for hierarchical cache Hierarchy.
[2021.10.20-18.00.06:556][  0]LogDerivedDataCache: Speed tests for C:/Users/peter/AppData/Local/UnrealEngine/Common/DerivedDataCache took 0.02 seconds
[2021.10.20-18.00.06:556][  0]LogDerivedDataCache: Display: Performance to C:/Users/peter/AppData/Local/UnrealEngine/Common/DerivedDataCache: Latency=0.10ms. RandomReadSpeed=505.59MBs, RandomWriteSpeed=54.16MBs. Assigned SpeedClass 'Local'
[2021.10.20-18.00.06:558][  0]LogDerivedDataCache: Using Local data cache path C:/Users/peter/AppData/Local/UnrealEngine/Common/DerivedDataCache: Writable
[2021.10.20-18.00.06:558][  0]LogDerivedDataCache: Shared data cache path not found in *engine.ini, will not use an Shared cache.
[2021.10.20-18.00.06:558][  0]LogDerivedDataCache: Unable to find inner node Shared for hierarchical cache Hierarchy.
[2021.10.20-18.00.06:649][  0]LogSlate: Using FreeType 2.10.0
[2021.10.20-18.00.06:649][  0]LogSlate: SlateFontServices - WITH_FREETYPE: 1, WITH_HARFBUZZ: 1
[2021.10.20-18.00.06:699][  0]LogAssetRegistry: FAssetRegistry took 0.0034 seconds to start up
[2021.10.20-18.00.07:043][  0]LogInit: Selected Device Profile: [Windows]
[2021.10.20-18.00.07:043][  0]LogInit: Active device profile: [00000205CD3C8900][00000205C365D600 49] Windows
[2021.10.20-18.00.07:043][  0]LogInit: Profiles: [00000205CD3C8900][00000205C365D600 49] Windows, [00000205CD37F800][00000205CCB3D780 49] WindowsNoEditor, [00000205CD3CB500][00000205CCB41900 49] WindowsServer, [00000205CD37CE00][00000205CCB45A80 49] WindowsClient, [00000205CD3CB800][00000205CCB49C00 49] IOS, [00000205CD37E800][00000205CCB4C200 49] iPadAir, [00000205CD3CA000][00000205CCB50380 49] iPadAir2, [00000205CD32CA00][00000205CCB58640 49] IPadPro, [00000205CD32CB00][00000205CCB54680 49] iPadAir3, [00000205CD37D700][00000205CCB387C0 49] iPadAir4, [00000205CD32F400][00000205CCB5C900 49] iPadMini2, [00000205CD37EA00][00000205CCB60A40 49] iPadMini3, [00000205CD32D700][00000205CCB64B80 49] iPadMini4, [00000205CD3C8F00][00000205CCB6CD00 49] iPadMini5, [00000205CD34C300][00000205CCB74FC0 49] iPhone6, [00000205CD34C400][00000205CCB71000 49] iPodTouch6, [00000205CD32F600][00000205CCB7D2C0 49] iPhone7, [00000205CD32D800][00000205CCB79300 49] iPodTouch7, [00000205CD34FF00][00000205CCB81480 49] iPhone5S, [00000205CD37E300][00000205CE4F1600 49] iPhone6Plus, [00000205CD32C200][00000205CE4F5780 49] iPhone6S, [00000205CD37E200][00000205CE4F9900 49] iPhone6SPlus, [00000205CD32FC00][00000205CE4FDA80 49] iPhone7Plus, [00000205CD37FD00][00000205CE501C00 49] iPhoneSE, [00000205CD32F500][00000205CE504200 49] iPhone8, [00000205CD37DE00][00000205CE508380 49] iPhone8Plus, [00000205CD32E600][00000205CE50C500 49] iPhoneX, [00000205CD37E500][00000205CE510680 49] iPhoneXS, [00000205CD32E000][00000205CE514800 49] iPhoneXSMax, [00000205CD37FA00][00000205CCB68940 49] iPhoneXR, [00000205CD32F700][00000205CE518A80 49] iPhone11, [00000205CD37CD00][00000205CE51CBC0 49] iPhone11Pro, [00000205CD32F800][00000205CE520D00 49] iPhone11ProMax, [00000205CD37CF00][00000205CE528E80 49] iPhoneSE2, [00000205CD32EE00][00000205CE52D000 49] iPhone12Mini, [00000205CD37E700][00000205CE531180 49] iPhone12, [00000205CD32D100][00000205CE535300 49] iPhone12Pro, [00000205CD37F600][00000205CE539480 49] iPhone12ProMax, [00000205CD32E300][00000205CE53D600 49] iPadPro105, [00000205CD37CC00][00000205CE541780 49] iPadPro129, [00000205CD32F300][00000205CE545900 49] iPadPro97, [00000205CD37DF00][00000205CE549A80 49] iPadPro2_129, [00000205CD32D400][00000205CE54DC00 49] iPad5, [00000205CD37F400][00000205CE550200 49] iPad6, [00000205CD32F100][00000205CE554380 49] iPad7, [00000205CD37DA00][00000205CE558500 49] iPad8, [00000205CD32E800][00000205CE55C680 49] iPadPro11, [00000205CD37DB00][00000205CE560800 49] iPadPro2_11, [00000205CD32DB00][00000205CE564980 49] iPadPro3_129, [00000205CD37F900][00000205CE568B00 49] iPadPro4_129, [00000205CD32D500][00000205CE524C40 49] AppleTV, [00000205CD37E000][00000205CE56CD80 49] AppleTV4K, [00000205CD32C100][00000205CE570EC0 49] TVOS, [00000205CD37E600][00000205CE579040 49] Mac, [00000205CD32E700][00000205CE57D1C0 49] MacClient, [00000205CD37EF00][00000205CE581340 49] MacNoEditor, [00000205CD32F900][00000205CE5854C0 49] MacServer, [00000205CD37F500][00000205CE589640 49] Linux, [00000205CD32E200][00000205CE58D7C0 49] LinuxAArch64, [00000205CD37CB00][00000205CE591940 49] LinuxNoEditor, [00000205CD32FB00][00000205CE595AC0 49] LinuxAArch64NoEditor, [00000205CD37C100][00000205CE5980C0 49] LinuxClient, [00000205CD32DD00][00000205CE59C240 49] LinuxAArch64Client, [00000205CD37D600][00000205CE5A03C0 49] LinuxServer, [00000205CD32E100][00000205CE5A4540 49] LinuxAArch64Server, [00000205CD37D300][00000205CE5A86C0 49] Android, [00000205CD32C500][00000205CE5AC840 49] Android_Low, [00000205CD37EB00][00000205CE5B09C0 49] Android_Mid, [00000205CD3CBA00][00000205CE5B4B40 49] Android_High, [00000205CD34DC00][00000205CE5B8CC0 49] Android_Default, [00000205CD3CA100][00000205CE574E00 49] Android_Adreno4xx, [00000205CD34E700][00000205CE5BCF40 49] Android_Adreno5xx_Low, [00000205CD3C8B00][00000205CE5C1080 49] Android_Adreno5xx, [00000205CD34ED00][00000205CE5C51C0 49] Android_Adreno6xx, [00000205CD3C9200][00000205CE5CD340 49] Android_Adreno6xx_Vulkan, [00000205CD34E800][00000205CE5D14C0 49] Android_Mali_T6xx, [00000205CD3CB200][00000205CE5D5640 49] Android_Mali_T7xx, [00000205CD34EE00][00000205CE5D97C0 49] Android_Mali_T8xx, [00000205CD3CA500][00000205CE5DD940 49] Android_Mali_G71, [00000205CD34FE00][00000205CE5E1AC0 49] Android_Mali_G72, [00000205CD3CAA00][00000205CE5E40C0 49] Android_Mali_G72_Vulkan, [00000205CD34DB00][00000205CE5E8240 49] Android_Mali_G76, [00000205CD3C9D00][00000205CE5EC3C0 49] Android_Mali_G76_Vulkan, [00000205CD34F000][00000205CE5F0540 49] Android_Mali_G77, [00000205CD3CAD00][00000205CE5F46C0 49] Android_Mali_G77_Vulkan, [00000205CD34FA00][00000205CE5F8840 49] Android_Mali_G78, [00000205CD3C8D00][00000205CE5FC9C0 49] Android_Mali_G78_Vulkan, [00000205CD34C500][00000205CE600B40 49] Android_Mali_G710, [00000205CD3C9300][00000205CE604CC0 49] Android_Mali_G710_Vulkan, [00000205CD34F500][00000205CE608E40 49] Android_Vulkan_SM5, [00000205CD3CB300][00000205CE5C8F80 49] Android_PowerVR_G6xxx, [00000205CD34EC00][00000205CE60D0C0 49] Android_PowerVR_GT7xxx, [00000205CD3CBC00][00000205CE611200 49] Android_PowerVR_GE8xxx, [00000205CD34D200][00000205CE615340 49] Android_PowerVR_GM9xxx, [00000205CD3CB000][00000205CE61D4C0 49] Android_PowerVR_GM9xxx_Vulkan, [00000205CD34E900][00000205CE621640 49] Android_TegraK1, [00000205CD3C9100][00000205CE6257C0 49] Android_Unknown_Vulkan, [00000205CD37C600][00000205CE629940 49] Lumin, [00000205CD3CA900][00000205CE62DAC0 49] Lumin_Desktop, [00000205CD37D200][00000205CE6300C0 49] HoloLens, 
[2021.10.20-18.00.07:215][  0]LogMeshReduction: Using QuadricMeshReduction for automatic static mesh reduction
[2021.10.20-18.00.07:215][  0]LogMeshReduction: Using SimplygonMeshReduction for automatic skeletal mesh reduction
[2021.10.20-18.00.07:215][  0]LogMeshReduction: Using ProxyLODMeshReduction for automatic mesh merging
[2021.10.20-18.00.07:215][  0]LogMeshReduction: No distributed automatic mesh merging module available
[2021.10.20-18.00.07:215][  0]LogMeshMerging: No distributed automatic mesh merging module available
[2021.10.20-18.00.07:240][  0]LogNetVersion: UnrealShoot 1.0.0, NetCL: 17155196, EngineNetVer: 17, GameNetVer: 0 (Checksum: 1510000403)
[2021.10.20-18.00.07:943][  0]LogTexture: Default maximum texture size for cubemaps generated from long-lat sources has been changed from 512 to unlimited. In order to preserve old behaiour for '/Engine/MapTemplates/Sky/DaylightAmbientCubemap.DaylightAmbientCubemap', its maximum texture size has been explicitly set to 512.
[2021.10.20-18.00.08:034][  0]LogHMD: PokeAHoleMaterial loaded successfully
[2021.10.20-18.00.08:041][  0]LogUObjectArray: 17178 objects as part of root set at end of initial load.
[2021.10.20-18.00.08:041][  0]LogUObjectAllocator: 4301856 out of 0 bytes used by permanent object pool.
[2021.10.20-18.00.08:041][  0]LogUObjectArray: CloseDisregardForGC: 0/0 objects in disregard for GC pool
[2021.10.20-18.00.08:402][  0]LogNiagaraDebuggerClient: Niagara Debugger Client Initialized | Session: 3C446058466219CAC920FE85167B3CC0 | Instance: 9B7DB9E7449E3FBA747001A78E8E8E0C (DESKTOP-UV88B1H-18640).
[2021.10.20-18.00.08:558][  0]LogImageWrapper: Warning: PNG Warning: Duplicate iCCP chunk
[2021.10.20-18.00.08:558][  0]LogImageWrapper: Warning: PNG Warning: Duplicate iCCP chunk
[2021.10.20-18.00.08:558][  0]LogTcpMessaging: Initializing TcpMessaging bridge
[2021.10.20-18.00.08:564][  0]LogUdpMessaging: Initializing bridge on interface 0.0.0.0:0 to multicast group 230.0.0.1:6666.
[2021.10.20-18.00.08:580][  0]LogPython: Using Python 3.7.7
[2021.10.20-18.00.09:625][  0]SourceControl: Source control is disabled
[2021.10.20-18.00.09:625][  0]SourceControl: Source control is disabled
[2021.10.20-18.00.09:629][  0]SourceControl: Source control is disabled
[2021.10.20-18.00.09:633][  0]SourceControl: Source control is disabled
[2021.10.20-18.00.09:637][  0]SourceControl: Source control is disabled
[2021.10.20-18.00.09:644][  0]LogUProjectInfo: Found projects:
[2021.10.20-18.00.09:968][  0]LogOpenImageDenoise: OIDN starting up
[2021.10.20-18.00.10:010][  0]LogAndroidPermission: UAndroidPermissionCallbackProxy::GetInstance
[2021.10.20-18.00.10:074][  0]LogAudioCaptureCore: Display: No Audio Capture implementations found. Audio input will be silent.
[2021.10.20-18.00.10:074][  0]LogAudioCaptureCore: Display: No Audio Capture implementations found. Audio input will be silent.
[2021.10.20-18.00.10:586][  0]LogCollectionManager: Loaded 0 collections in 0.002772 seconds
[2021.10.20-18.00.10:590][  0]LogFileCache: Scanning file cache for directory 'D:/GitHub Files/Week7-8UnrealFPS/UnrealShoot/Saved/Collections/' took 0.00s
[2021.10.20-18.00.10:590][  0]LogFileCache: Scanning file cache for directory 'D:/GitHub Files/Week7-8UnrealFPS/UnrealShoot/Content/Developers/peter/Collections/' took 0.00s
[2021.10.20-18.00.10:590][  0]LogFileCache: Scanning file cache for directory 'D:/GitHub Files/Week7-8UnrealFPS/UnrealShoot/Content/Collections/' took 0.00s
[2021.10.20-18.00.10:637][  0]LogOcInput: OculusInput pre-init called
[2021.10.20-18.00.11:341][  0]LogImageWrapper: Warning: PNG Warning: Duplicate iCCP chunk
[2021.10.20-18.00.11:341][  0]LogImageWrapper: Warning: PNG Warning: Duplicate iCCP chunk
[2021.10.20-18.00.11:341][  0]LogEngine: Initializing Engine...
[2021.10.20-18.00.11:346][  0]LogHMD: Failed to enumerate extensions. Please check that you have a valid OpenXR runtime installed.
[2021.10.20-18.00.11:346][  0]LogHMD: Failed to initialize OpenVR with code 110
[2021.10.20-18.00.11:346][  0]LogMagicLeap: Warning: VR disabled because ZI is not enabled.  To enable, in the editor, Edit -> Project Settings -> Plugins -> Magic Leap Plugin -> Enable Zero Iteration
[2021.10.20-18.00.11:347][  0]LogStats: UGameplayTagsManager::InitializeManager -  0.000 s
[2021.10.20-18.00.11:610][  0]LogInit: Initializing FReadOnlyCVARCache
[2021.10.20-18.00.11:628][  0]LogAIModule: Creating AISystem for world Untitled
[2021.10.20-18.00.11:664][  0]LogAudio: Display: Initializing Audio Device Manager...
[2021.10.20-18.00.11:676][  0]LogAudio: Display: Loading Default Audio Settings Objects...
[2021.10.20-18.00.11:676][  0]LogAudio: Display: No default SoundConcurrencyObject specified (or failed to load).
[2021.10.20-18.00.11:678][  0]LogAudio: Display: Audio Device Manager Initialized
[2021.10.20-18.00.11:678][  0]LogAudio: Display: Creating Audio Device:                 Id: 1, Scope: Shared, Realtime: True
[2021.10.20-18.00.11:678][  0]LogAudioMixer: Display: Audio Mixer Platform Settings:
[2021.10.20-18.00.11:678][  0]LogAudioMixer: Display: 	Sample Rate:						  48000
[2021.10.20-18.00.11:678][  0]LogAudioMixer: Display: 	Callback Buffer Frame Size Requested: 1024
[2021.10.20-18.00.11:678][  0]LogAudioMixer: Display: 	Callback Buffer Frame Size To Use:	  1024
[2021.10.20-18.00.11:678][  0]LogAudioMixer: Display: 	Number of buffers to queue:			  2
[2021.10.20-18.00.11:678][  0]LogAudioMixer: Display: 	Max Channels (voices):				  32
[2021.10.20-18.00.11:678][  0]LogAudioMixer: Display: 	Number of Async Source Workers:		  0
[2021.10.20-18.00.11:678][  0]LogAudio: Display: AudioDevice MaxSources: 32
[2021.10.20-18.00.11:678][  0]LogAudio: Display: Audio Spatialization Plugin: None (built-in).
[2021.10.20-18.00.11:678][  0]LogAudio: Display: Audio Reverb Plugin: None (built-in).
[2021.10.20-18.00.11:678][  0]LogAudio: Display: Audio Occlusion Plugin: None (built-in).
[2021.10.20-18.00.11:678][  0]LogAudioMixer: Display: Initializing audio mixer.
[2021.10.20-18.00.11:695][  0]LogAudioMixer: Display: 0: FrontLeft
[2021.10.20-18.00.11:696][  0]LogAudioMixer: Display: 1: FrontRight
[2021.10.20-18.00.12:567][  0]LogAudioMixer: Display: Using Audio Device Speakers/Headphones (Realtek(R) Audio)
[2021.10.20-18.00.12:577][  0]LogAudioMixer: Display: Initializing Sound Submixes...
[2021.10.20-18.00.12:583][  0]LogAudioMixer: Display: Creating Master Submix 'MasterSubmixDefault'
[2021.10.20-18.00.12:583][  0]LogAudioMixer: Display: Creating Master Submix 'MasterReverbSubmixDefault'
[2021.10.20-18.00.12:585][  0]LogAudioMixer: Display: Creating Master Submix 'MasterEQSubmixDefault'
[2021.10.20-18.00.12:585][  0]LogAudioMixer: FMixerPlatformXAudio2::StartAudioStream() called
[2021.10.20-18.00.12:585][  0]LogAudioMixer: Display: Output buffers initialized: Frames=1024, Channels=2, Samples=2048
[2021.10.20-18.00.12:590][  0]LogAudioMixer: Display: Starting AudioMixerPlatformInterface::RunInternal()
[2021.10.20-18.00.12:590][  0]LogAudioMixer: Display: FMixerPlatformXAudio2::SubmitBuffer() called for the first time
[2021.10.20-18.00.12:591][  0]LogInit: FAudioDevice initialized.
[2021.10.20-18.00.12:592][  0]LogAudio: Display: Audio Device (ID: 1) registered with world 'Untitled'.
[2021.10.20-18.00.12:592][  0]LogNetVersion: Set ProjectVersion to 1.0.0.0. Version Checksum will be recalculated on next use.
[2021.10.20-18.00.12:782][  0]LogDerivedDataCache: Saved boot cache 0.19s 94MB C:/Users/peter/AppData/Local/UnrealEngine/4.27/DerivedDataCache/Boot.ddc.
[2021.10.20-18.00.12:783][  0]LogInit: Texture streaming: Enabled
[2021.10.20-18.00.12:826][  0]LogAnalytics: Display: [UEEditor.Rocket.Release] APIServer = https://datarouter.ol.epicgames.com/. AppVersion = 4.27.1-17735300+++UE4+Release-4.27
[2021.10.20-18.00.12:837][  0]LogEngineSessionManager: EngineSessionManager initialized
[2021.10.20-18.00.12:837][  0]LogEditorSessionSummary: Verbose: Initializing EditorSessionSummaryWriter for editor session tracking
[2021.10.20-18.00.12:843][  0]LogEditorSessionSummary: EditorSessionSummaryWriter initialized
[2021.10.20-18.00.12:909][  0]LogInit: Transaction tracking system initialized
[2021.10.20-18.00.12:959][  0]BlueprintLog: New page: Editor Load
[2021.10.20-18.00.13:089][  0]LocalizationService: Localization service is disabled
[2021.10.20-18.00.13:135][  0]TimingProfiler: Initialize
[2021.10.20-18.00.13:135][  0]TimingProfiler: OnSessionChanged
[2021.10.20-18.00.13:135][  0]LoadingProfiler: Initialize
[2021.10.20-18.00.13:136][  0]LoadingProfiler: OnSessionChanged
[2021.10.20-18.00.13:136][  0]NetworkingProfiler: Initialize
[2021.10.20-18.00.13:136][  0]NetworkingProfiler: OnSessionChanged
[2021.10.20-18.00.13:136][  0]MemoryProfiler: Initialize
[2021.10.20-18.00.13:136][  0]MemoryProfiler: OnSessionChanged
[2021.10.20-18.00.13:429][  0]LogCook: Display: CookSettings for Memory: MemoryMaxUsedVirtual 0MiB, MemoryMaxUsedPhysical 16384MiB, MemoryMinFreeVirtual 0MiB, MemoryMinFreePhysical 1024MiB
[2021.10.20-18.00.13:429][  0]LogFileCache: Scanning file cache for directory 'D:/GitHub Files/Week7-8UnrealFPS/UnrealShoot/Content/' took 0.00s
[2021.10.20-18.00.13:429][  0]LogCook: Display: Mobile HDR setting 1
[2021.10.20-18.00.14:376][  0]LogImageWrapper: Warning: PNG Warning: Duplicate iCCP chunk
[2021.10.20-18.00.14:376][  0]LogImageWrapper: Warning: PNG Warning: Duplicate iCCP chunk
[2021.10.20-18.00.14:376][  0]LogInit: Display: Engine is initialized. Leaving FEngineLoop::Init()
[2021.10.20-18.00.14:380][  0]SourceControl: Source control is disabled
[2021.10.20-18.00.14:380][  0]LogUnrealEdMisc: Loading editor; pre map load, took 13.977
[2021.10.20-18.00.14:380][  0]Cmd: MAP LOAD FILE="../../../Engine/Content/Maps/Templates/Template_Default.umap" TEMPLATE=1 SHOWPROGRESS=1 FEATURELEVEL=3
[2021.10.20-18.00.14:381][  0]LightingResults: New page: Lighting Build
[2021.10.20-18.00.14:384][  0]LogWorld: UWorld::CleanupWorld for Untitled, bSessionEnded=true, bCleanupResources=true
[2021.10.20-18.00.14:384][  0]LogSlate: InvalidateAllWidgets triggered.  All widgets were invalidated
[2021.10.20-18.00.14:385][  0]MapCheck: New page: Map Check
[2021.10.20-18.00.14:385][  0]LightingResults: New page: Lighting Build
[2021.10.20-18.00.14:396][  0]LogAudio: Display: Audio Device unregistered from world 'None'.
[2021.10.20-18.00.14:403][  0]LogUObjectHash: Compacting FUObjectHashTables data took   1.31ms
[2021.10.20-18.00.14:515][  0]LogTexture: Display: Building textures: DeprecatedTextureEB9CBE3C423008B5E8E130901E171C89 (BGRA8, 128X128)
[2021.10.20-18.00.14:540][  0]LogAudio: Display: Audio Device (ID: 1) registered with world 'Untitled_1'.
[2021.10.20-18.00.14:543][  0]LogAIModule: Creating AISystem for world Untitled_1
[2021.10.20-18.00.14:554][  0]LogEditorServer: Finished looking for orphan Actors (0.000 secs)
[2021.10.20-18.00.14:577][  0]LogUObjectHash: Compacting FUObjectHashTables data took   1.92ms
[2021.10.20-18.00.14:577][  0]Cmd: MAP CHECKDEP NOCLEARLOG
[2021.10.20-18.00.14:578][  0]MapCheck: Map check complete: 0 Error(s), 0 Warning(s), took 0.332ms to complete.
[2021.10.20-18.00.14:578][  0]LogFileHelpers: Loading map 'Template_Default' took 0.197
[2021.10.20-18.00.14:582][  0]LogUnrealEdMisc: Total Editor Startup Time, took 14.179
[2021.10.20-18.00.14:793][  0]LogSlate: Updating window title bar state: overlay mode, drag disabled, window buttons hidden, title bar hidden
[2021.10.20-18.00.14:807][  0]LogSlate: Updating window title bar state: overlay mode, drag disabled, window buttons hidden, title bar hidden
[2021.10.20-18.00.14:821][  0]LogSlate: Updating window title bar state: overlay mode, drag disabled, window buttons hidden, title bar hidden
[2021.10.20-18.00.14:840][  0]LogSlate: Updating window title bar state: overlay mode, drag disabled, window buttons hidden, title bar hidden
[2021.10.20-18.00.14:868][  0]LogNativeClassHierarchy: Verbose: Native class hierarchy populated in 0.0209 seconds. Added 3822 classes and 928 folders.
[2021.10.20-18.00.14:907][  0]LogNativeClassHierarchy: Verbose: Native class hierarchy updated for 'WidgetCarousel' in 0.0003 seconds. Added 0 classes and 0 folders.
[2021.10.20-18.00.14:909][  0]LogPakFile: PakFile PrimaryIndexSize=187
[2021.10.20-18.00.14:909][  0]LogPakFile: PakFile PathHashIndexSize=101
[2021.10.20-18.00.14:909][  0]LogPakFile: PakFile FullDirectoryIndexSize=148
[2021.10.20-18.00.14:909][  0]LogShaderLibrary: Display: ShaderCodeLibraryPakFileMountedCallback: PakFile 'D:/unrail/unreil/UE_4.27/FeaturePacks/FP_FirstPerson.upack' (chunk index -1, root 'root:/') mounted
[2021.10.20-18.00.14:909][  0]LogShaderLibrary: Display: ShaderCodeLibraryPakFileMountedCallback: pending pak file info (ChunkID:-1 Root:root:/ File:D:/unrail/unreil/UE_4.27/FeaturePacks/FP_FirstPerson.upack)
[2021.10.20-18.00.14:909][  0]LogPakFile: OnPakFileMounted2Time == 0.000079
[2021.10.20-18.00.14:910][  0]LogPakFile: PakFile PrimaryIndexSize=189
[2021.10.20-18.00.14:910][  0]LogPakFile: PakFile PathHashIndexSize=101
[2021.10.20-18.00.14:910][  0]LogPakFile: PakFile FullDirectoryIndexSize=152
[2021.10.20-18.00.14:910][  0]LogShaderLibrary: Display: ShaderCodeLibraryPakFileMountedCallback: PakFile 'D:/unrail/unreil/UE_4.27/FeaturePacks/FP_FirstPersonBP.upack' (chunk index -1, root 'root:/') mounted
[2021.10.20-18.00.14:910][  0]LogShaderLibrary: Display: ShaderCodeLibraryPakFileMountedCallback: pending pak file info (ChunkID:-1 Root:root:/ File:D:/unrail/unreil/UE_4.27/FeaturePacks/FP_FirstPersonBP.upack)
[2021.10.20-18.00.14:910][  0]LogPakFile: OnPakFileMounted2Time == 0.000054
[2021.10.20-18.00.14:911][  0]LogPakFile: PakFile PrimaryIndexSize=191
[2021.10.20-18.00.14:911][  0]LogPakFile: PakFile PathHashIndexSize=101
[2021.10.20-18.00.14:911][  0]LogPakFile: PakFile FullDirectoryIndexSize=160
[2021.10.20-18.00.14:911][  0]LogShaderLibrary: Display: ShaderCodeLibraryPakFileMountedCallback: PakFile 'D:/unrail/unreil/UE_4.27/FeaturePacks/MobileStarterContent.upack' (chunk index -1, root 'root:/') mounted
[2021.10.20-18.00.14:911][  0]LogShaderLibrary: Display: ShaderCodeLibraryPakFileMountedCallback: pending pak file info (ChunkID:-1 Root:root:/ File:D:/unrail/unreil/UE_4.27/FeaturePacks/MobileStarterContent.upack)
[2021.10.20-18.00.14:911][  0]LogPakFile: OnPakFileMounted2Time == 0.000051
[2021.10.20-18.00.14:912][  0]LogPakFile: PakFile PrimaryIndexSize=185
[2021.10.20-18.00.14:912][  0]LogPakFile: PakFile PathHashIndexSize=101
[2021.10.20-18.00.14:912][  0]LogPakFile: PakFile FullDirectoryIndexSize=148
[2021.10.20-18.00.14:912][  0]LogShaderLibrary: Display: ShaderCodeLibraryPakFileMountedCallback: PakFile 'D:/unrail/unreil/UE_4.27/FeaturePacks/StarterContent.upack' (chunk index -1, root 'root:/') mounted
[2021.10.20-18.00.14:912][  0]LogShaderLibrary: Display: ShaderCodeLibraryPakFileMountedCallback: pending pak file info (ChunkID:-1 Root:root:/ File:D:/unrail/unreil/UE_4.27/FeaturePacks/StarterContent.upack)
[2021.10.20-18.00.14:912][  0]LogPakFile: OnPakFileMounted2Time == 0.000050
[2021.10.20-18.00.14:912][  0]LogPakFile: PakFile PrimaryIndexSize=190
[2021.10.20-18.00.14:912][  0]LogPakFile: PakFile PathHashIndexSize=101
[2021.10.20-18.00.14:912][  0]LogPakFile: PakFile FullDirectoryIndexSize=154
[2021.10.20-18.00.14:912][  0]LogShaderLibrary: Display: ShaderCodeLibraryPakFileMountedCallback: PakFile 'D:/unrail/unreil/UE_4.27/FeaturePacks/TP_2DSideScroller.upack' (chunk index -1, root 'root:/') mounted
[2021.10.20-18.00.14:912][  0]LogShaderLibrary: Display: ShaderCodeLibraryPakFileMountedCallback: pending pak file info (ChunkID:-1 Root:root:/ File:D:/unrail/unreil/UE_4.27/FeaturePacks/TP_2DSideScroller.upack)
[2021.10.20-18.00.14:912][  0]LogPakFile: OnPakFileMounted2Time == 0.000053
[2021.10.20-18.00.14:913][  0]LogPakFile: PakFile PrimaryIndexSize=192
[2021.10.20-18.00.14:913][  0]LogPakFile: PakFile PathHashIndexSize=101
[2021.10.20-18.00.14:913][  0]LogPakFile: PakFile FullDirectoryIndexSize=158
[2021.10.20-18.00.14:913][  0]LogShaderLibrary: Display: ShaderCodeLibraryPakFileMountedCallback: PakFile 'D:/unrail/unreil/UE_4.27/FeaturePacks/TP_2DSideScrollerBP.upack' (chunk index -1, root 'root:/') mounted
[2021.10.20-18.00.14:913][  0]LogShaderLibrary: Display: ShaderCodeLibraryPakFileMountedCallback: pending pak file info (ChunkID:-1 Root:root:/ File:D:/unrail/unreil/UE_4.27/FeaturePacks/TP_2DSideScrollerBP.upack)
[2021.10.20-18.00.14:913][  0]LogPakFile: OnPakFileMounted2Time == 0.000048
[2021.10.20-18.00.14:914][  0]LogPakFile: PakFile PrimaryIndexSize=182
[2021.10.20-18.00.14:914][  0]LogPakFile: PakFile PathHashIndexSize=101
[2021.10.20-18.00.14:914][  0]LogPakFile: PakFile FullDirectoryIndexSize=138
[2021.10.20-18.00.14:914][  0]LogShaderLibrary: Display: ShaderCodeLibraryPakFileMountedCallback: PakFile 'D:/unrail/unreil/UE_4.27/FeaturePacks/TP_Flying.upack' (chunk index -1, root 'root:/') mounted
[2021.10.20-18.00.14:914][  0]LogShaderLibrary: Display: ShaderCodeLibraryPakFileMountedCallback: pending pak file info (ChunkID:-1 Root:root:/ File:D:/unrail/unreil/UE_4.27/FeaturePacks/TP_Flying.upack)
[2021.10.20-18.00.14:914][  0]LogPakFile: OnPakFileMounted2Time == 0.000063
[2021.10.20-18.00.14:915][  0]LogPakFile: PakFile PrimaryIndexSize=184
[2021.10.20-18.00.14:915][  0]LogPakFile: PakFile PathHashIndexSize=101
[2021.10.20-18.00.14:915][  0]LogPakFile: PakFile FullDirectoryIndexSize=142
[2021.10.20-18.00.14:915][  0]LogShaderLibrary: Display: ShaderCodeLibraryPakFileMountedCallback: PakFile 'D:/unrail/unreil/UE_4.27/FeaturePacks/TP_FlyingBP.upack' (chunk index -1, root 'root:/') mounted
[2021.10.20-18.00.14:915][  0]LogShaderLibrary: Display: ShaderCodeLibraryPakFileMountedCallback: pending pak file info (ChunkID:-1 Root:root:/ File:D:/unrail/unreil/UE_4.27/FeaturePacks/TP_FlyingBP.upack)
[2021.10.20-18.00.14:915][  0]LogPakFile: OnPakFileMounted2Time == 0.000077
[2021.10.20-18.00.14:917][  0]LogPakFile: PakFile PrimaryIndexSize=188
[2021.10.20-18.00.14:917][  0]LogPakFile: PakFile PathHashIndexSize=101
[2021.10.20-18.00.14:917][  0]LogPakFile: PakFile FullDirectoryIndexSize=150
[2021.10.20-18.00.14:917][  0]LogShaderLibrary: Display: ShaderCodeLibraryPakFileMountedCallback: PakFile 'D:/unrail/unreil/UE_4.27/FeaturePacks/TP_HandheldARBP.upack' (chunk index -1, root 'root:/') mounted
[2021.10.20-18.00.14:917][  0]LogShaderLibrary: Display: ShaderCodeLibraryPakFileMountedCallback: pending pak file info (ChunkID:-1 Root:root:/ File:D:/unrail/unreil/UE_4.27/FeaturePacks/TP_HandheldARBP.upack)
[2021.10.20-18.00.14:917][  0]LogPakFile: OnPakFileMounted2Time == 0.000111
[2021.10.20-18.00.14:919][  0]LogPakFile: PakFile PrimaryIndexSize=182
[2021.10.20-18.00.14:919][  0]LogPakFile: PakFile PathHashIndexSize=101
[2021.10.20-18.00.14:919][  0]LogPakFile: PakFile FullDirectoryIndexSize=138
[2021.10.20-18.00.14:919][  0]LogShaderLibrary: Display: ShaderCodeLibraryPakFileMountedCallback: PakFile 'D:/unrail/unreil/UE_4.27/FeaturePacks/TP_Puzzle.upack' (chunk index -1, root 'root:/') mounted
[2021.10.20-18.00.14:919][  0]LogShaderLibrary: Display: ShaderCodeLibraryPakFileMountedCallback: pending pak file info (ChunkID:-1 Root:root:/ File:D:/unrail/unreil/UE_4.27/FeaturePacks/TP_Puzzle.upack)
[2021.10.20-18.00.14:919][  0]LogPakFile: OnPakFileMounted2Time == 0.000126
[2021.10.20-18.00.14:920][  0]LogPakFile: PakFile PrimaryIndexSize=184
[2021.10.20-18.00.14:920][  0]LogPakFile: PakFile PathHashIndexSize=101
[2021.10.20-18.00.14:920][  0]LogPakFile: PakFile FullDirectoryIndexSize=142
[2021.10.20-18.00.14:920][  0]LogShaderLibrary: Display: ShaderCodeLibraryPakFileMountedCallback: PakFile 'D:/unrail/unreil/UE_4.27/FeaturePacks/TP_PuzzleBP.upack' (chunk index -1, root 'root:/') mounted
[2021.10.20-18.00.14:920][  0]LogShaderLibrary: Display: ShaderCodeLibraryPakFileMountedCallback: pending pak file info (ChunkID:-1 Root:root:/ File:D:/unrail/unreil/UE_4.27/FeaturePacks/TP_PuzzleBP.upack)
[2021.10.20-18.00.14:920][  0]LogPakFile: OnPakFileMounted2Time == 0.000068
[2021.10.20-18.00.14:921][  0]LogPakFile: PakFile PrimaryIndexSize=183
[2021.10.20-18.00.14:921][  0]LogPakFile: PakFile PathHashIndexSize=101
[2021.10.20-18.00.14:921][  0]LogPakFile: PakFile FullDirectoryIndexSize=140
[2021.10.20-18.00.14:921][  0]LogShaderLibrary: Display: ShaderCodeLibraryPakFileMountedCallback: PakFile 'D:/unrail/unreil/UE_4.27/FeaturePacks/TP_Rolling.upack' (chunk index -1, root 'root:/') mounted
[2021.10.20-18.00.14:921][  0]LogShaderLibrary: Display: ShaderCodeLibraryPakFileMountedCallback: pending pak file info (ChunkID:-1 Root:root:/ File:D:/unrail/unreil/UE_4.27/FeaturePacks/TP_Rolling.upack)
[2021.10.20-18.00.14:921][  0]LogPakFile: OnPakFileMounted2Time == 0.000066
[2021.10.20-18.00.14:922][  0]LogPakFile: PakFile PrimaryIndexSize=185
[2021.10.20-18.00.14:922][  0]LogPakFile: PakFile PathHashIndexSize=101
[2021.10.20-18.00.14:922][  0]LogPakFile: PakFile FullDirectoryIndexSize=144
[2021.10.20-18.00.14:922][  0]LogShaderLibrary: Display: ShaderCodeLibraryPakFileMountedCallback: PakFile 'D:/unrail/unreil/UE_4.27/FeaturePacks/TP_RollingBP.upack' (chunk index -1, root 'root:/') mounted
[2021.10.20-18.00.14:922][  0]LogShaderLibrary: Display: ShaderCodeLibraryPakFileMountedCallback: pending pak file info (ChunkID:-1 Root:root:/ File:D:/unrail/unreil/UE_4.27/FeaturePacks/TP_RollingBP.upack)
[2021.10.20-18.00.14:922][  0]LogPakFile: OnPakFileMounted2Time == 0.000060
[2021.10.20-18.00.14:923][  0]LogPakFile: PakFile PrimaryIndexSize=188
[2021.10.20-18.00.14:923][  0]LogPakFile: PakFile PathHashIndexSize=101
[2021.10.20-18.00.14:923][  0]LogPakFile: PakFile FullDirectoryIndexSize=150
[2021.10.20-18.00.14:923][  0]LogShaderLibrary: Display: ShaderCodeLibraryPakFileMountedCallback: PakFile 'D:/unrail/unreil/UE_4.27/FeaturePacks/TP_SideScroller.upack' (chunk index -1, root 'root:/') mounted
[2021.10.20-18.00.14:923][  0]LogShaderLibrary: Display: ShaderCodeLibraryPakFileMountedCallback: pending pak file info (ChunkID:-1 Root:root:/ File:D:/unrail/unreil/UE_4.27/FeaturePacks/TP_SideScroller.upack)
[2021.10.20-18.00.14:923][  0]LogPakFile: OnPakFileMounted2Time == 0.000050
[2021.10.20-18.00.14:923][  0]LogPakFile: PakFile PrimaryIndexSize=190
[2021.10.20-18.00.14:924][  0]LogPakFile: PakFile PathHashIndexSize=101
[2021.10.20-18.00.14:924][  0]LogPakFile: PakFile FullDirectoryIndexSize=154
[2021.10.20-18.00.14:924][  0]LogShaderLibrary: Display: ShaderCodeLibraryPakFileMountedCallback: PakFile 'D:/unrail/unreil/UE_4.27/FeaturePacks/TP_SideScrollerBP.upack' (chunk index -1, root 'root:/') mounted
[2021.10.20-18.00.14:924][  0]LogShaderLibrary: Display: ShaderCodeLibraryPakFileMountedCallback: pending pak file info (ChunkID:-1 Root:root:/ File:D:/unrail/unreil/UE_4.27/FeaturePacks/TP_SideScrollerBP.upack)
[2021.10.20-18.00.14:924][  0]LogPakFile: OnPakFileMounted2Time == 0.000067
[2021.10.20-18.00.14:924][  0]LogPakFile: PakFile PrimaryIndexSize=187
[2021.10.20-18.00.14:925][  0]LogPakFile: PakFile PathHashIndexSize=101
[2021.10.20-18.00.14:925][  0]LogPakFile: PakFile FullDirectoryIndexSize=148
[2021.10.20-18.00.14:925][  0]LogShaderLibrary: Display: ShaderCodeLibraryPakFileMountedCallback: PakFile 'D:/unrail/unreil/UE_4.27/FeaturePacks/TP_ThirdPerson.upack' (chunk index -1, root 'root:/') mounted
[2021.10.20-18.00.14:925][  0]LogShaderLibrary: Display: ShaderCodeLibraryPakFileMountedCallback: pending pak file info (ChunkID:-1 Root:root:/ File:D:/unrail/unreil/UE_4.27/FeaturePacks/TP_ThirdPerson.upack)
[2021.10.20-18.00.14:925][  0]LogPakFile: OnPakFileMounted2Time == 0.000049
[2021.10.20-18.00.14:925][  0]LogPakFile: PakFile PrimaryIndexSize=189
[2021.10.20-18.00.14:925][  0]LogPakFile: PakFile PathHashIndexSize=101
[2021.10.20-18.00.14:925][  0]LogPakFile: PakFile FullDirectoryIndexSize=152
[2021.10.20-18.00.14:925][  0]LogShaderLibrary: Display: ShaderCodeLibraryPakFileMountedCallback: PakFile 'D:/unrail/unreil/UE_4.27/FeaturePacks/TP_ThirdPersonBP.upack' (chunk index -1, root 'root:/') mounted
[2021.10.20-18.00.14:925][  0]LogShaderLibrary: Display: ShaderCodeLibraryPakFileMountedCallback: pending pak file info (ChunkID:-1 Root:root:/ File:D:/unrail/unreil/UE_4.27/FeaturePacks/TP_ThirdPersonBP.upack)
[2021.10.20-18.00.14:925][  0]LogPakFile: OnPakFileMounted2Time == 0.000049
[2021.10.20-18.00.14:926][  0]LogPakFile: PakFile PrimaryIndexSize=183
[2021.10.20-18.00.14:926][  0]LogPakFile: PakFile PathHashIndexSize=101
[2021.10.20-18.00.14:926][  0]LogPakFile: PakFile FullDirectoryIndexSize=140
[2021.10.20-18.00.14:926][  0]LogShaderLibrary: Display: ShaderCodeLibraryPakFileMountedCallback: PakFile 'D:/unrail/unreil/UE_4.27/FeaturePacks/TP_TopDown.upack' (chunk index -1, root 'root:/') mounted
[2021.10.20-18.00.14:926][  0]LogShaderLibrary: Display: ShaderCodeLibraryPakFileMountedCallback: pending pak file info (ChunkID:-1 Root:root:/ File:D:/unrail/unreil/UE_4.27/FeaturePacks/TP_TopDown.upack)
[2021.10.20-18.00.14:926][  0]LogPakFile: OnPakFileMounted2Time == 0.000064
[2021.10.20-18.00.14:927][  0]LogPakFile: PakFile PrimaryIndexSize=185
[2021.10.20-18.00.14:927][  0]LogPakFile: PakFile PathHashIndexSize=101
[2021.10.20-18.00.14:927][  0]LogPakFile: PakFile FullDirectoryIndexSize=144
[2021.10.20-18.00.14:927][  0]LogShaderLibrary: Display: ShaderCodeLibraryPakFileMountedCallback: PakFile 'D:/unrail/unreil/UE_4.27/FeaturePacks/TP_TopDownBP.upack' (chunk index -1, root 'root:/') mounted
[2021.10.20-18.00.14:927][  0]LogShaderLibrary: Display: ShaderCodeLibraryPakFileMountedCallback: pending pak file info (ChunkID:-1 Root:root:/ File:D:/unrail/unreil/UE_4.27/FeaturePacks/TP_TopDownBP.upack)
[2021.10.20-18.00.14:927][  0]LogPakFile: OnPakFileMounted2Time == 0.000050
[2021.10.20-18.00.14:927][  0]LogPakFile: PakFile PrimaryIndexSize=185
[2021.10.20-18.00.14:927][  0]LogPakFile: PakFile PathHashIndexSize=101
[2021.10.20-18.00.14:928][  0]LogPakFile: PakFile FullDirectoryIndexSize=144
[2021.10.20-18.00.14:928][  0]LogShaderLibrary: Display: ShaderCodeLibraryPakFileMountedCallback: PakFile 'D:/unrail/unreil/UE_4.27/FeaturePacks/TP_TwinStick.upack' (chunk index -1, root 'root:/') mounted
[2021.10.20-18.00.14:928][  0]LogShaderLibrary: Display: ShaderCodeLibraryPakFileMountedCallback: pending pak file info (ChunkID:-1 Root:root:/ File:D:/unrail/unreil/UE_4.27/FeaturePacks/TP_TwinStick.upack)
[2021.10.20-18.00.14:928][  0]LogPakFile: OnPakFileMounted2Time == 0.000065
[2021.10.20-18.00.14:928][  0]LogPakFile: PakFile PrimaryIndexSize=187
[2021.10.20-18.00.14:928][  0]LogPakFile: PakFile PathHashIndexSize=101
[2021.10.20-18.00.14:928][  0]LogPakFile: PakFile FullDirectoryIndexSize=148
[2021.10.20-18.00.14:928][  0]LogShaderLibrary: Display: ShaderCodeLibraryPakFileMountedCallback: PakFile 'D:/unrail/unreil/UE_4.27/FeaturePacks/TP_TwinStickBP.upack' (chunk index -1, root 'root:/') mounted
[2021.10.20-18.00.14:928][  0]LogShaderLibrary: Display: ShaderCodeLibraryPakFileMountedCallback: pending pak file info (ChunkID:-1 Root:root:/ File:D:/unrail/unreil/UE_4.27/FeaturePacks/TP_TwinStickBP.upack)
[2021.10.20-18.00.14:928][  0]LogPakFile: OnPakFileMounted2Time == 0.000048
[2021.10.20-18.00.14:929][  0]LogPakFile: PakFile PrimaryIndexSize=183
[2021.10.20-18.00.14:929][  0]LogPakFile: PakFile PathHashIndexSize=101
[2021.10.20-18.00.14:929][  0]LogPakFile: PakFile FullDirectoryIndexSize=140
[2021.10.20-18.00.14:929][  0]LogShaderLibrary: Display: ShaderCodeLibraryPakFileMountedCallback: PakFile 'D:/unrail/unreil/UE_4.27/FeaturePacks/TP_Vehicle.upack' (chunk index -1, root 'root:/') mounted
[2021.10.20-18.00.14:929][  0]LogShaderLibrary: Display: ShaderCodeLibraryPakFileMountedCallback: pending pak file info (ChunkID:-1 Root:root:/ File:D:/unrail/unreil/UE_4.27/FeaturePacks/TP_Vehicle.upack)
[2021.10.20-18.00.14:929][  0]LogPakFile: OnPakFileMounted2Time == 0.000049
[2021.10.20-18.00.14:930][  0]LogPakFile: PakFile PrimaryIndexSize=186
[2021.10.20-18.00.14:930][  0]LogPakFile: PakFile PathHashIndexSize=101
[2021.10.20-18.00.14:930][  0]LogPakFile: PakFile FullDirectoryIndexSize=146
[2021.10.20-18.00.14:930][  0]LogShaderLibrary: Display: ShaderCodeLibraryPakFileMountedCallback: PakFile 'D:/unrail/unreil/UE_4.27/FeaturePacks/TP_VehicleAdv.upack' (chunk index -1, root 'root:/') mounted
[2021.10.20-18.00.14:930][  0]LogShaderLibrary: Display: ShaderCodeLibraryPakFileMountedCallback: pending pak file info (ChunkID:-1 Root:root:/ File:D:/unrail/unreil/UE_4.27/FeaturePacks/TP_VehicleAdv.upack)
[2021.10.20-18.00.14:930][  0]LogPakFile: OnPakFileMounted2Time == 0.000048
[2021.10.20-18.00.14:931][  0]LogPakFile: PakFile PrimaryIndexSize=188
[2021.10.20-18.00.14:931][  0]LogPakFile: PakFile PathHashIndexSize=101
[2021.10.20-18.00.14:931][  0]LogPakFile: PakFile FullDirectoryIndexSize=150
[2021.10.20-18.00.14:931][  0]LogShaderLibrary: Display: ShaderCodeLibraryPakFileMountedCallback: PakFile 'D:/unrail/unreil/UE_4.27/FeaturePacks/TP_VehicleAdvBP.upack' (chunk index -1, root 'root:/') mounted
[2021.10.20-18.00.14:931][  0]LogShaderLibrary: Display: ShaderCodeLibraryPakFileMountedCallback: pending pak file info (ChunkID:-1 Root:root:/ File:D:/unrail/unreil/UE_4.27/FeaturePacks/TP_VehicleAdvBP.upack)
[2021.10.20-18.00.14:931][  0]LogPakFile: OnPakFileMounted2Time == 0.000048
[2021.10.20-18.00.14:931][  0]LogPakFile: PakFile PrimaryIndexSize=185
[2021.10.20-18.00.14:931][  0]LogPakFile: PakFile PathHashIndexSize=101
[2021.10.20-18.00.14:931][  0]LogPakFile: PakFile FullDirectoryIndexSize=144
[2021.10.20-18.00.14:932][  0]LogShaderLibrary: Display: ShaderCodeLibraryPakFileMountedCallback: PakFile 'D:/unrail/unreil/UE_4.27/FeaturePacks/TP_VehicleBP.upack' (chunk index -1, root 'root:/') mounted
[2021.10.20-18.00.14:932][  0]LogShaderLibrary: Display: ShaderCodeLibraryPakFileMountedCallback: pending pak file info (ChunkID:-1 Root:root:/ File:D:/unrail/unreil/UE_4.27/FeaturePacks/TP_VehicleBP.upack)
[2021.10.20-18.00.14:932][  0]LogPakFile: OnPakFileMounted2Time == 0.000220
[2021.10.20-18.00.14:933][  0]LogPakFile: PakFile PrimaryIndexSize=192
[2021.10.20-18.00.14:933][  0]LogPakFile: PakFile PathHashIndexSize=101
[2021.10.20-18.00.14:933][  0]LogPakFile: PakFile FullDirectoryIndexSize=158
[2021.10.20-18.00.14:933][  0]LogShaderLibrary: Display: ShaderCodeLibraryPakFileMountedCallback: PakFile 'D:/unrail/unreil/UE_4.27/FeaturePacks/TP_VirtualRealityBP.upack' (chunk index -1, root 'root:/') mounted
[2021.10.20-18.00.14:933][  0]LogShaderLibrary: Display: ShaderCodeLibraryPakFileMountedCallback: pending pak file info (ChunkID:-1 Root:root:/ File:D:/unrail/unreil/UE_4.27/FeaturePacks/TP_VirtualRealityBP.upack)
[2021.10.20-18.00.14:933][  0]LogPakFile: OnPakFileMounted2Time == 0.000149
[2021.10.20-18.00.15:165][  0]LogNativeClassHierarchy: Verbose: Native class hierarchy updated for 'AddContentDialog' in 0.0008 seconds. Added 0 classes and 0 folders.
[2021.10.20-18.00.15:168][  0]LogNativeClassHierarchy: Verbose: Native class hierarchy updated for 'SceneOutliner' in 0.0005 seconds. Added 2 classes and 0 folders.
[2021.10.20-18.00.15:285][  0]LogSlate: Took 0.000959 seconds to synchronously load lazily loaded font '../../../Engine/Content/Slate/Fonts/Roboto-Regular.ttf' (155K)
[2021.10.20-18.00.15:289][  0]LogSlate: Took 0.000326 seconds to synchronously load lazily loaded font '../../../Engine/Content/Editor/Slate/Fonts/FontAwesome.ttf' (139K)
[2021.10.20-18.00.15:295][  0]LogSlate: Took 0.001127 seconds to synchronously load lazily loaded font '../../../Engine/Content/Slate/Fonts/Roboto-Bold.ttf' (160K)
[2021.10.20-18.00.15:506][  0]LogRenderer: Reallocating scene render targets to support 916x432 Format 10 NumSamples 1 (Frame:1).
[2021.10.20-18.00.15:762][  0]LogNativeClassHierarchy: Verbose: Native class hierarchy updated for 'HierarchicalLODOutliner' in 0.0005 seconds. Added 0 classes and 0 folders.
[2021.10.20-18.00.15:762][  0]LogLoad: (Engine Initialization) Total time: 15.36 seconds
[2021.10.20-18.00.15:762][  0]LogLoad: (Engine Initialization) Total Blueprint compile time: 0.00 seconds
[2021.10.20-18.00.15:849][  0]LogContentStreaming: Texture pool size now 1000 MB
[2021.10.20-18.00.16:039][  1]LogAssetRegistry: Asset discovery search completed in 9.3407 seconds
[2021.10.20-18.00.16:049][  1]LogCollectionManager: Fixed up redirectors for 0 collections in 0.000006 seconds (updated 0 objects)
[2021.10.20-18.00.16:198][  2]LogSlate: Took 0.000338 seconds to synchronously load lazily loaded font '../../../Engine/Content/Slate/Fonts/Roboto-Light.ttf' (167K)
[2021.10.20-18.02.15:055][299]LogSlate: Took 0.000300 seconds to synchronously load lazily loaded font '../../../Engine/Content/Slate/Fonts/Roboto-Light.ttf' (167K)
[2021.10.20-18.02.15:152][299]LogEditorClassViewer: Warning: Class /Engine/Tutorial/InWorldBlueprintEditing/TutorialAssets/IWBE_Blutility.IWBE_Blutility_C has parent /Script/Blutility.PlacedEditorUtilityBase, but this parent is not found. The Class will not be shown in ClassViewer.
[2021.10.20-18.02.27:476][299]LogSlate: Window 'Pick Parent Class' being destroyed
[2021.10.20-18.02.27:519][299]LogContentBrowser: Deferred new asset file creation: NewBlueprint
[2021.10.20-18.02.27:542][299]LogContentBrowser: Creating deferred item: NewBlueprint
[2021.10.20-18.02.32:520][452]LogContentBrowser: Attempting asset rename: NewBlueprint -> bpGameMode
[2021.10.20-18.02.33:809][452]LogContentBrowser: End creating deferred item NewBlueprint
[2021.10.20-18.02.47:835][601]LogSlate: Window 'Pick Parent Class' being destroyed
[2021.10.20-18.02.47:867][601]LogContentBrowser: Deferred new asset file creation: NewBlueprint
[2021.10.20-18.02.47:888][601]LogContentBrowser: Creating deferred item: NewBlueprint
[2021.10.20-18.04.16:219][255]LogContentBrowser: Attempting asset rename: NewBlueprint -> bpCharacter
[2021.10.20-18.04.16:652][255]LogContentBrowser: End creating deferred item NewBlueprint
[2021.10.20-18.04.20:173][328]LogAssetEditorSubsystem: Opening Asset editor for Blueprint /Game/bpCharacter.bpCharacter
[2021.10.20-18.04.21:114][328]LogNativeClassHierarchy: Verbose: Native class hierarchy updated for 'BlueprintGraph' in 0.0020 seconds. Added 126 classes and 0 folders.
[2021.10.20-18.04.23:996][328]LogRenderer: Reallocating scene render targets to support 916x684 Format 10 NumSamples 1 (Frame:1).
[2021.10.20-18.04.25:265][346]LogSlate: Took 0.000894 seconds to synchronously load lazily loaded font '../../../Engine/Content/Slate/Fonts/Roboto-Italic.ttf' (157K)
